<?xml version="1.0" encoding="UTF-8"?>
<testsuite xmlns:xsi="http://www.w3.org/2001/XMLSchema-instance" xsi:noNamespaceSchemaLocation="https://maven.apache.org/surefire/maven-surefire-plugin/xsd/surefire-test-report-3.0.xsd" version="3.0" name="com.example.finflow.web.TransactionControllerParameterizedTest" time="6.518" tests="7" errors="0" skipped="0" failures="0">
  <properties>
    <property name="java.specification.version" value="22"/>
    <property name="sun.jnu.encoding" value="UTF-8"/>
    <property name="java.class.path" value="/Users/balachandarkrishnasamy/Desktop/Project-demo/Latest/finflow-reactive-solution-kafka/target/test-classes:/Users/balachandarkrishnasamy/Desktop/Project-demo/Latest/finflow-reactive-solution-kafka/target/classes:/Users/balachandarkrishnasamy/.m2/repository/org/springframework/boot/spring-boot-starter-webflux/3.3.4/spring-boot-starter-webflux-3.3.4.jar:/Users/balachandarkrishnasamy/.m2/repository/org/springframework/boot/spring-boot-starter/3.3.4/spring-boot-starter-3.3.4.jar:/Users/balachandarkrishnasamy/.m2/repository/org/springframework/boot/spring-boot/3.3.4/spring-boot-3.3.4.jar:/Users/balachandarkrishnasamy/.m2/repository/org/springframework/boot/spring-boot-autoconfigure/3.3.4/spring-boot-autoconfigure-3.3.4.jar:/Users/balachandarkrishnasamy/.m2/repository/org/springframework/boot/spring-boot-starter-logging/3.3.4/spring-boot-starter-logging-3.3.4.jar:/Users/balachandarkrishnasamy/.m2/repository/ch/qos/logback/logback-classic/1.5.8/logback-classic-1.5.8.jar:/Users/balachandarkrishnasamy/.m2/repository/ch/qos/logback/logback-core/1.5.8/logback-core-1.5.8.jar:/Users/balachandarkrishnasamy/.m2/repository/org/apache/logging/log4j/log4j-to-slf4j/2.23.1/log4j-to-slf4j-2.23.1.jar:/Users/balachandarkrishnasamy/.m2/repository/org/apache/logging/log4j/log4j-api/2.23.1/log4j-api-2.23.1.jar:/Users/balachandarkrishnasamy/.m2/repository/org/slf4j/jul-to-slf4j/2.0.16/jul-to-slf4j-2.0.16.jar:/Users/balachandarkrishnasamy/.m2/repository/jakarta/annotation/jakarta.annotation-api/2.1.1/jakarta.annotation-api-2.1.1.jar:/Users/balachandarkrishnasamy/.m2/repository/org/yaml/snakeyaml/2.2/snakeyaml-2.2.jar:/Users/balachandarkrishnasamy/.m2/repository/org/springframework/boot/spring-boot-starter-json/3.3.4/spring-boot-starter-json-3.3.4.jar:/Users/balachandarkrishnasamy/.m2/repository/com/fasterxml/jackson/datatype/jackson-datatype-jdk8/2.17.2/jackson-datatype-jdk8-2.17.2.jar:/Users/balachandarkrishnasamy/.m2/repository/com/fasterxml/jackson/module/jackson-module-parameter-names/2.17.2/jackson-module-parameter-names-2.17.2.jar:/Users/balachandarkrishnasamy/.m2/repository/org/springframework/boot/spring-boot-starter-reactor-netty/3.3.4/spring-boot-starter-reactor-netty-3.3.4.jar:/Users/balachandarkrishnasamy/.m2/repository/io/projectreactor/netty/reactor-netty-http/1.1.22/reactor-netty-http-1.1.22.jar:/Users/balachandarkrishnasamy/.m2/repository/io/netty/netty-codec-http/4.1.113.Final/netty-codec-http-4.1.113.Final.jar:/Users/balachandarkrishnasamy/.m2/repository/io/netty/netty-common/4.1.113.Final/netty-common-4.1.113.Final.jar:/Users/balachandarkrishnasamy/.m2/repository/io/netty/netty-buffer/4.1.113.Final/netty-buffer-4.1.113.Final.jar:/Users/balachandarkrishnasamy/.m2/repository/io/netty/netty-transport/4.1.113.Final/netty-transport-4.1.113.Final.jar:/Users/balachandarkrishnasamy/.m2/repository/io/netty/netty-codec/4.1.113.Final/netty-codec-4.1.113.Final.jar:/Users/balachandarkrishnasamy/.m2/repository/io/netty/netty-handler/4.1.113.Final/netty-handler-4.1.113.Final.jar:/Users/balachandarkrishnasamy/.m2/repository/io/netty/netty-codec-http2/4.1.113.Final/netty-codec-http2-4.1.113.Final.jar:/Users/balachandarkrishnasamy/.m2/repository/io/netty/netty-resolver-dns/4.1.113.Final/netty-resolver-dns-4.1.113.Final.jar:/Users/balachandarkrishnasamy/.m2/repository/io/netty/netty-resolver/4.1.113.Final/netty-resolver-4.1.113.Final.jar:/Users/balachandarkrishnasamy/.m2/repository/io/netty/netty-codec-dns/4.1.113.Final/netty-codec-dns-4.1.113.Final.jar:/Users/balachandarkrishnasamy/.m2/repository/io/netty/netty-resolver-dns-native-macos/4.1.113.Final/netty-resolver-dns-native-macos-4.1.113.Final-osx-x86_64.jar:/Users/balachandarkrishnasamy/.m2/repository/io/netty/netty-resolver-dns-classes-macos/4.1.113.Final/netty-resolver-dns-classes-macos-4.1.113.Final.jar:/Users/balachandarkrishnasamy/.m2/repository/io/netty/netty-transport-native-epoll/4.1.113.Final/netty-transport-native-epoll-4.1.113.Final-linux-x86_64.jar:/Users/balachandarkrishnasamy/.m2/repository/io/netty/netty-transport-native-unix-common/4.1.113.Final/netty-transport-native-unix-common-4.1.113.Final.jar:/Users/balachandarkrishnasamy/.m2/repository/io/netty/netty-transport-classes-epoll/4.1.113.Final/netty-transport-classes-epoll-4.1.113.Final.jar:/Users/balachandarkrishnasamy/.m2/repository/io/projectreactor/netty/reactor-netty-core/1.1.22/reactor-netty-core-1.1.22.jar:/Users/balachandarkrishnasamy/.m2/repository/io/netty/netty-handler-proxy/4.1.113.Final/netty-handler-proxy-4.1.113.Final.jar:/Users/balachandarkrishnasamy/.m2/repository/io/netty/netty-codec-socks/4.1.113.Final/netty-codec-socks-4.1.113.Final.jar:/Users/balachandarkrishnasamy/.m2/repository/org/springframework/spring-web/6.1.13/spring-web-6.1.13.jar:/Users/balachandarkrishnasamy/.m2/repository/org/springframework/spring-beans/6.1.13/spring-beans-6.1.13.jar:/Users/balachandarkrishnasamy/.m2/repository/org/springframework/spring-webflux/6.1.13/spring-webflux-6.1.13.jar:/Users/balachandarkrishnasamy/.m2/repository/org/springframework/boot/spring-boot-starter-data-r2dbc/3.3.4/spring-boot-starter-data-r2dbc-3.3.4.jar:/Users/balachandarkrishnasamy/.m2/repository/org/springframework/data/spring-data-r2dbc/3.3.4/spring-data-r2dbc-3.3.4.jar:/Users/balachandarkrishnasamy/.m2/repository/org/springframework/data/spring-data-relational/3.3.4/spring-data-relational-3.3.4.jar:/Users/balachandarkrishnasamy/.m2/repository/org/springframework/data/spring-data-commons/3.3.4/spring-data-commons-3.3.4.jar:/Users/balachandarkrishnasamy/.m2/repository/org/springframework/spring-jdbc/6.1.13/spring-jdbc-6.1.13.jar:/Users/balachandarkrishnasamy/.m2/repository/org/springframework/spring-r2dbc/6.1.13/spring-r2dbc-6.1.13.jar:/Users/balachandarkrishnasamy/.m2/repository/org/slf4j/slf4j-api/2.0.16/slf4j-api-2.0.16.jar:/Users/balachandarkrishnasamy/.m2/repository/io/r2dbc/r2dbc-spi/1.0.0.RELEASE/r2dbc-spi-1.0.0.RELEASE.jar:/Users/balachandarkrishnasamy/.m2/repository/org/reactivestreams/reactive-streams/1.0.4/reactive-streams-1.0.4.jar:/Users/balachandarkrishnasamy/.m2/repository/io/r2dbc/r2dbc-pool/1.0.1.RELEASE/r2dbc-pool-1.0.1.RELEASE.jar:/Users/balachandarkrishnasamy/.m2/repository/io/projectreactor/addons/reactor-pool/1.0.8/reactor-pool-1.0.8.jar:/Users/balachandarkrishnasamy/.m2/repository/io/r2dbc/r2dbc-h2/1.0.0.RELEASE/r2dbc-h2-1.0.0.RELEASE.jar:/Users/balachandarkrishnasamy/.m2/repository/io/projectreactor/reactor-core/3.6.10/reactor-core-3.6.10.jar:/Users/balachandarkrishnasamy/.m2/repository/com/h2database/h2/2.2.224/h2-2.2.224.jar:/Users/balachandarkrishnasamy/.m2/repository/org/springframework/kafka/spring-kafka/3.2.4/spring-kafka-3.2.4.jar:/Users/balachandarkrishnasamy/.m2/repository/org/springframework/spring-context/6.1.13/spring-context-6.1.13.jar:/Users/balachandarkrishnasamy/.m2/repository/org/springframework/spring-aop/6.1.13/spring-aop-6.1.13.jar:/Users/balachandarkrishnasamy/.m2/repository/org/springframework/spring-expression/6.1.13/spring-expression-6.1.13.jar:/Users/balachandarkrishnasamy/.m2/repository/org/springframework/spring-messaging/6.1.13/spring-messaging-6.1.13.jar:/Users/balachandarkrishnasamy/.m2/repository/org/springframework/spring-tx/6.1.13/spring-tx-6.1.13.jar:/Users/balachandarkrishnasamy/.m2/repository/org/springframework/retry/spring-retry/2.0.9/spring-retry-2.0.9.jar:/Users/balachandarkrishnasamy/.m2/repository/org/apache/kafka/kafka-clients/3.7.1/kafka-clients-3.7.1.jar:/Users/balachandarkrishnasamy/.m2/repository/com/github/luben/zstd-jni/1.5.6-3/zstd-jni-1.5.6-3.jar:/Users/balachandarkrishnasamy/.m2/repository/org/lz4/lz4-java/1.8.0/lz4-java-1.8.0.jar:/Users/balachandarkrishnasamy/.m2/repository/org/xerial/snappy/snappy-java/1.1.10.5/snappy-java-1.1.10.5.jar:/Users/balachandarkrishnasamy/.m2/repository/io/micrometer/micrometer-observation/1.13.4/micrometer-observation-1.13.4.jar:/Users/balachandarkrishnasamy/.m2/repository/io/micrometer/micrometer-commons/1.13.4/micrometer-commons-1.13.4.jar:/Users/balachandarkrishnasamy/.m2/repository/io/projectreactor/kafka/reactor-kafka/1.3.22/reactor-kafka-1.3.22.jar:/Users/balachandarkrishnasamy/.m2/repository/com/fasterxml/jackson/core/jackson-databind/2.17.2/jackson-databind-2.17.2.jar:/Users/balachandarkrishnasamy/.m2/repository/com/fasterxml/jackson/core/jackson-annotations/2.17.2/jackson-annotations-2.17.2.jar:/Users/balachandarkrishnasamy/.m2/repository/com/fasterxml/jackson/core/jackson-core/2.17.2/jackson-core-2.17.2.jar:/Users/balachandarkrishnasamy/.m2/repository/com/fasterxml/jackson/datatype/jackson-datatype-jsr310/2.17.2/jackson-datatype-jsr310-2.17.2.jar:/Users/balachandarkrishnasamy/.m2/repository/org/springdoc/springdoc-openapi-starter-webflux-ui/2.3.0/springdoc-openapi-starter-webflux-ui-2.3.0.jar:/Users/balachandarkrishnasamy/.m2/repository/org/springdoc/springdoc-openapi-starter-webflux-api/2.3.0/springdoc-openapi-starter-webflux-api-2.3.0.jar:/Users/balachandarkrishnasamy/.m2/repository/org/springdoc/springdoc-openapi-starter-common/2.3.0/springdoc-openapi-starter-common-2.3.0.jar:/Users/balachandarkrishnasamy/.m2/repository/io/swagger/core/v3/swagger-core-jakarta/2.2.19/swagger-core-jakarta-2.2.19.jar:/Users/balachandarkrishnasamy/.m2/repository/org/apache/commons/commons-lang3/3.14.0/commons-lang3-3.14.0.jar:/Users/balachandarkrishnasamy/.m2/repository/io/swagger/core/v3/swagger-annotations-jakarta/2.2.19/swagger-annotations-jakarta-2.2.19.jar:/Users/balachandarkrishnasamy/.m2/repository/io/swagger/core/v3/swagger-models-jakarta/2.2.19/swagger-models-jakarta-2.2.19.jar:/Users/balachandarkrishnasamy/.m2/repository/com/fasterxml/jackson/dataformat/jackson-dataformat-yaml/2.17.2/jackson-dataformat-yaml-2.17.2.jar:/Users/balachandarkrishnasamy/.m2/repository/org/webjars/swagger-ui/5.10.3/swagger-ui-5.10.3.jar:/Users/balachandarkrishnasamy/.m2/repository/org/springframework/boot/spring-boot-starter-validation/3.3.4/spring-boot-starter-validation-3.3.4.jar:/Users/balachandarkrishnasamy/.m2/repository/org/apache/tomcat/embed/tomcat-embed-el/10.1.30/tomcat-embed-el-10.1.30.jar:/Users/balachandarkrishnasamy/.m2/repository/org/hibernate/validator/hibernate-validator/8.0.1.Final/hibernate-validator-8.0.1.Final.jar:/Users/balachandarkrishnasamy/.m2/repository/jakarta/validation/jakarta.validation-api/3.0.2/jakarta.validation-api-3.0.2.jar:/Users/balachandarkrishnasamy/.m2/repository/org/jboss/logging/jboss-logging/3.5.3.Final/jboss-logging-3.5.3.Final.jar:/Users/balachandarkrishnasamy/.m2/repository/com/fasterxml/classmate/1.7.0/classmate-1.7.0.jar:/Users/balachandarkrishnasamy/.m2/repository/org/springframework/boot/spring-boot-starter-actuator/3.3.4/spring-boot-starter-actuator-3.3.4.jar:/Users/balachandarkrishnasamy/.m2/repository/org/springframework/boot/spring-boot-actuator-autoconfigure/3.3.4/spring-boot-actuator-autoconfigure-3.3.4.jar:/Users/balachandarkrishnasamy/.m2/repository/org/springframework/boot/spring-boot-actuator/3.3.4/spring-boot-actuator-3.3.4.jar:/Users/balachandarkrishnasamy/.m2/repository/io/micrometer/micrometer-jakarta9/1.13.4/micrometer-jakarta9-1.13.4.jar:/Users/balachandarkrishnasamy/.m2/repository/io/micrometer/micrometer-core/1.13.4/micrometer-core-1.13.4.jar:/Users/balachandarkrishnasamy/.m2/repository/org/hdrhistogram/HdrHistogram/2.2.2/HdrHistogram-2.2.2.jar:/Users/balachandarkrishnasamy/.m2/repository/org/latencyutils/LatencyUtils/2.0.3/LatencyUtils-2.0.3.jar:/Users/balachandarkrishnasamy/.m2/repository/org/projectlombok/lombok/1.18.32/lombok-1.18.32.jar:/Users/balachandarkrishnasamy/.m2/repository/org/springframework/boot/spring-boot-starter-test/3.3.4/spring-boot-starter-test-3.3.4.jar:/Users/balachandarkrishnasamy/.m2/repository/org/springframework/boot/spring-boot-test/3.3.4/spring-boot-test-3.3.4.jar:/Users/balachandarkrishnasamy/.m2/repository/org/springframework/boot/spring-boot-test-autoconfigure/3.3.4/spring-boot-test-autoconfigure-3.3.4.jar:/Users/balachandarkrishnasamy/.m2/repository/com/jayway/jsonpath/json-path/2.9.0/json-path-2.9.0.jar:/Users/balachandarkrishnasamy/.m2/repository/jakarta/xml/bind/jakarta.xml.bind-api/4.0.2/jakarta.xml.bind-api-4.0.2.jar:/Users/balachandarkrishnasamy/.m2/repository/jakarta/activation/jakarta.activation-api/2.1.3/jakarta.activation-api-2.1.3.jar:/Users/balachandarkrishnasamy/.m2/repository/net/minidev/json-smart/2.5.1/json-smart-2.5.1.jar:/Users/balachandarkrishnasamy/.m2/repository/net/minidev/accessors-smart/2.5.1/accessors-smart-2.5.1.jar:/Users/balachandarkrishnasamy/.m2/repository/org/ow2/asm/asm/9.6/asm-9.6.jar:/Users/balachandarkrishnasamy/.m2/repository/org/assertj/assertj-core/3.25.3/assertj-core-3.25.3.jar:/Users/balachandarkrishnasamy/.m2/repository/net/bytebuddy/byte-buddy/1.14.19/byte-buddy-1.14.19.jar:/Users/balachandarkrishnasamy/.m2/repository/org/awaitility/awaitility/4.2.2/awaitility-4.2.2.jar:/Users/balachandarkrishnasamy/.m2/repository/org/hamcrest/hamcrest/2.2/hamcrest-2.2.jar:/Users/balachandarkrishnasamy/.m2/repository/org/junit/jupiter/junit-jupiter/5.10.3/junit-jupiter-5.10.3.jar:/Users/balachandarkrishnasamy/.m2/repository/org/junit/jupiter/junit-jupiter-api/5.10.3/junit-jupiter-api-5.10.3.jar:/Users/balachandarkrishnasamy/.m2/repository/org/opentest4j/opentest4j/1.3.0/opentest4j-1.3.0.jar:/Users/balachandarkrishnasamy/.m2/repository/org/junit/platform/junit-platform-commons/1.10.3/junit-platform-commons-1.10.3.jar:/Users/balachandarkrishnasamy/.m2/repository/org/apiguardian/apiguardian-api/1.1.2/apiguardian-api-1.1.2.jar:/Users/balachandarkrishnasamy/.m2/repository/org/junit/jupiter/junit-jupiter-params/5.10.3/junit-jupiter-params-5.10.3.jar:/Users/balachandarkrishnasamy/.m2/repository/org/junit/jupiter/junit-jupiter-engine/5.10.3/junit-jupiter-engine-5.10.3.jar:/Users/balachandarkrishnasamy/.m2/repository/org/junit/platform/junit-platform-engine/1.10.3/junit-platform-engine-1.10.3.jar:/Users/balachandarkrishnasamy/.m2/repository/org/mockito/mockito-core/5.11.0/mockito-core-5.11.0.jar:/Users/balachandarkrishnasamy/.m2/repository/net/bytebuddy/byte-buddy-agent/1.14.19/byte-buddy-agent-1.14.19.jar:/Users/balachandarkrishnasamy/.m2/repository/org/objenesis/objenesis/3.3/objenesis-3.3.jar:/Users/balachandarkrishnasamy/.m2/repository/org/mockito/mockito-junit-jupiter/5.11.0/mockito-junit-jupiter-5.11.0.jar:/Users/balachandarkrishnasamy/.m2/repository/org/skyscreamer/jsonassert/1.5.3/jsonassert-1.5.3.jar:/Users/balachandarkrishnasamy/.m2/repository/com/vaadin/external/google/android-json/0.0.20131108.vaadin1/android-json-0.0.20131108.vaadin1.jar:/Users/balachandarkrishnasamy/.m2/repository/org/springframework/spring-core/6.1.13/spring-core-6.1.13.jar:/Users/balachandarkrishnasamy/.m2/repository/org/springframework/spring-jcl/6.1.13/spring-jcl-6.1.13.jar:/Users/balachandarkrishnasamy/.m2/repository/org/springframework/spring-test/6.1.13/spring-test-6.1.13.jar:/Users/balachandarkrishnasamy/.m2/repository/org/xmlunit/xmlunit-core/2.9.1/xmlunit-core-2.9.1.jar:/Users/balachandarkrishnasamy/.m2/repository/io/projectreactor/reactor-test/3.6.10/reactor-test-3.6.10.jar:"/>
    <property name="java.vm.vendor" value="Oracle Corporation"/>
    <property name="sun.arch.data.model" value="64"/>
    <property name="java.vendor.url" value="https://java.oracle.com/"/>
    <property name="user.timezone" value="Europe/London"/>
    <property name="org.jboss.logging.provider" value="slf4j"/>
    <property name="os.name" value="Mac OS X"/>
    <property name="java.vm.specification.version" value="22"/>
    <property name="sun.java.launcher" value="SUN_STANDARD"/>
    <property name="user.country" value="GB"/>
    <property name="sun.boot.library.path" value="/Library/Java/JavaVirtualMachines/jdk-22.jdk/Contents/Home/lib"/>
    <property name="sun.java.command" value="/Users/balachandarkrishnasamy/Desktop/Project-demo/Latest/finflow-reactive-solution-kafka/target/surefire/surefirebooter-20251029113654444_3.jar /Users/balachandarkrishnasamy/Desktop/Project-demo/Latest/finflow-reactive-solution-kafka/target/surefire 2025-10-29T11-36-54_351-jvmRun1 surefire-20251029113654444_1tmp surefire_0-20251029113654444_2tmp"/>
    <property name="http.nonProxyHosts" value="local|*.local|169.254/16|*.169.254/16"/>
    <property name="jdk.debug" value="release"/>
    <property name="surefire.test.class.path" value="/Users/balachandarkrishnasamy/Desktop/Project-demo/Latest/finflow-reactive-solution-kafka/target/test-classes:/Users/balachandarkrishnasamy/Desktop/Project-demo/Latest/finflow-reactive-solution-kafka/target/classes:/Users/balachandarkrishnasamy/.m2/repository/org/springframework/boot/spring-boot-starter-webflux/3.3.4/spring-boot-starter-webflux-3.3.4.jar:/Users/balachandarkrishnasamy/.m2/repository/org/springframework/boot/spring-boot-starter/3.3.4/spring-boot-starter-3.3.4.jar:/Users/balachandarkrishnasamy/.m2/repository/org/springframework/boot/spring-boot/3.3.4/spring-boot-3.3.4.jar:/Users/balachandarkrishnasamy/.m2/repository/org/springframework/boot/spring-boot-autoconfigure/3.3.4/spring-boot-autoconfigure-3.3.4.jar:/Users/balachandarkrishnasamy/.m2/repository/org/springframework/boot/spring-boot-starter-logging/3.3.4/spring-boot-starter-logging-3.3.4.jar:/Users/balachandarkrishnasamy/.m2/repository/ch/qos/logback/logback-classic/1.5.8/logback-classic-1.5.8.jar:/Users/balachandarkrishnasamy/.m2/repository/ch/qos/logback/logback-core/1.5.8/logback-core-1.5.8.jar:/Users/balachandarkrishnasamy/.m2/repository/org/apache/logging/log4j/log4j-to-slf4j/2.23.1/log4j-to-slf4j-2.23.1.jar:/Users/balachandarkrishnasamy/.m2/repository/org/apache/logging/log4j/log4j-api/2.23.1/log4j-api-2.23.1.jar:/Users/balachandarkrishnasamy/.m2/repository/org/slf4j/jul-to-slf4j/2.0.16/jul-to-slf4j-2.0.16.jar:/Users/balachandarkrishnasamy/.m2/repository/jakarta/annotation/jakarta.annotation-api/2.1.1/jakarta.annotation-api-2.1.1.jar:/Users/balachandarkrishnasamy/.m2/repository/org/yaml/snakeyaml/2.2/snakeyaml-2.2.jar:/Users/balachandarkrishnasamy/.m2/repository/org/springframework/boot/spring-boot-starter-json/3.3.4/spring-boot-starter-json-3.3.4.jar:/Users/balachandarkrishnasamy/.m2/repository/com/fasterxml/jackson/datatype/jackson-datatype-jdk8/2.17.2/jackson-datatype-jdk8-2.17.2.jar:/Users/balachandarkrishnasamy/.m2/repository/com/fasterxml/jackson/module/jackson-module-parameter-names/2.17.2/jackson-module-parameter-names-2.17.2.jar:/Users/balachandarkrishnasamy/.m2/repository/org/springframework/boot/spring-boot-starter-reactor-netty/3.3.4/spring-boot-starter-reactor-netty-3.3.4.jar:/Users/balachandarkrishnasamy/.m2/repository/io/projectreactor/netty/reactor-netty-http/1.1.22/reactor-netty-http-1.1.22.jar:/Users/balachandarkrishnasamy/.m2/repository/io/netty/netty-codec-http/4.1.113.Final/netty-codec-http-4.1.113.Final.jar:/Users/balachandarkrishnasamy/.m2/repository/io/netty/netty-common/4.1.113.Final/netty-common-4.1.113.Final.jar:/Users/balachandarkrishnasamy/.m2/repository/io/netty/netty-buffer/4.1.113.Final/netty-buffer-4.1.113.Final.jar:/Users/balachandarkrishnasamy/.m2/repository/io/netty/netty-transport/4.1.113.Final/netty-transport-4.1.113.Final.jar:/Users/balachandarkrishnasamy/.m2/repository/io/netty/netty-codec/4.1.113.Final/netty-codec-4.1.113.Final.jar:/Users/balachandarkrishnasamy/.m2/repository/io/netty/netty-handler/4.1.113.Final/netty-handler-4.1.113.Final.jar:/Users/balachandarkrishnasamy/.m2/repository/io/netty/netty-codec-http2/4.1.113.Final/netty-codec-http2-4.1.113.Final.jar:/Users/balachandarkrishnasamy/.m2/repository/io/netty/netty-resolver-dns/4.1.113.Final/netty-resolver-dns-4.1.113.Final.jar:/Users/balachandarkrishnasamy/.m2/repository/io/netty/netty-resolver/4.1.113.Final/netty-resolver-4.1.113.Final.jar:/Users/balachandarkrishnasamy/.m2/repository/io/netty/netty-codec-dns/4.1.113.Final/netty-codec-dns-4.1.113.Final.jar:/Users/balachandarkrishnasamy/.m2/repository/io/netty/netty-resolver-dns-native-macos/4.1.113.Final/netty-resolver-dns-native-macos-4.1.113.Final-osx-x86_64.jar:/Users/balachandarkrishnasamy/.m2/repository/io/netty/netty-resolver-dns-classes-macos/4.1.113.Final/netty-resolver-dns-classes-macos-4.1.113.Final.jar:/Users/balachandarkrishnasamy/.m2/repository/io/netty/netty-transport-native-epoll/4.1.113.Final/netty-transport-native-epoll-4.1.113.Final-linux-x86_64.jar:/Users/balachandarkrishnasamy/.m2/repository/io/netty/netty-transport-native-unix-common/4.1.113.Final/netty-transport-native-unix-common-4.1.113.Final.jar:/Users/balachandarkrishnasamy/.m2/repository/io/netty/netty-transport-classes-epoll/4.1.113.Final/netty-transport-classes-epoll-4.1.113.Final.jar:/Users/balachandarkrishnasamy/.m2/repository/io/projectreactor/netty/reactor-netty-core/1.1.22/reactor-netty-core-1.1.22.jar:/Users/balachandarkrishnasamy/.m2/repository/io/netty/netty-handler-proxy/4.1.113.Final/netty-handler-proxy-4.1.113.Final.jar:/Users/balachandarkrishnasamy/.m2/repository/io/netty/netty-codec-socks/4.1.113.Final/netty-codec-socks-4.1.113.Final.jar:/Users/balachandarkrishnasamy/.m2/repository/org/springframework/spring-web/6.1.13/spring-web-6.1.13.jar:/Users/balachandarkrishnasamy/.m2/repository/org/springframework/spring-beans/6.1.13/spring-beans-6.1.13.jar:/Users/balachandarkrishnasamy/.m2/repository/org/springframework/spring-webflux/6.1.13/spring-webflux-6.1.13.jar:/Users/balachandarkrishnasamy/.m2/repository/org/springframework/boot/spring-boot-starter-data-r2dbc/3.3.4/spring-boot-starter-data-r2dbc-3.3.4.jar:/Users/balachandarkrishnasamy/.m2/repository/org/springframework/data/spring-data-r2dbc/3.3.4/spring-data-r2dbc-3.3.4.jar:/Users/balachandarkrishnasamy/.m2/repository/org/springframework/data/spring-data-relational/3.3.4/spring-data-relational-3.3.4.jar:/Users/balachandarkrishnasamy/.m2/repository/org/springframework/data/spring-data-commons/3.3.4/spring-data-commons-3.3.4.jar:/Users/balachandarkrishnasamy/.m2/repository/org/springframework/spring-jdbc/6.1.13/spring-jdbc-6.1.13.jar:/Users/balachandarkrishnasamy/.m2/repository/org/springframework/spring-r2dbc/6.1.13/spring-r2dbc-6.1.13.jar:/Users/balachandarkrishnasamy/.m2/repository/org/slf4j/slf4j-api/2.0.16/slf4j-api-2.0.16.jar:/Users/balachandarkrishnasamy/.m2/repository/io/r2dbc/r2dbc-spi/1.0.0.RELEASE/r2dbc-spi-1.0.0.RELEASE.jar:/Users/balachandarkrishnasamy/.m2/repository/org/reactivestreams/reactive-streams/1.0.4/reactive-streams-1.0.4.jar:/Users/balachandarkrishnasamy/.m2/repository/io/r2dbc/r2dbc-pool/1.0.1.RELEASE/r2dbc-pool-1.0.1.RELEASE.jar:/Users/balachandarkrishnasamy/.m2/repository/io/projectreactor/addons/reactor-pool/1.0.8/reactor-pool-1.0.8.jar:/Users/balachandarkrishnasamy/.m2/repository/io/r2dbc/r2dbc-h2/1.0.0.RELEASE/r2dbc-h2-1.0.0.RELEASE.jar:/Users/balachandarkrishnasamy/.m2/repository/io/projectreactor/reactor-core/3.6.10/reactor-core-3.6.10.jar:/Users/balachandarkrishnasamy/.m2/repository/com/h2database/h2/2.2.224/h2-2.2.224.jar:/Users/balachandarkrishnasamy/.m2/repository/org/springframework/kafka/spring-kafka/3.2.4/spring-kafka-3.2.4.jar:/Users/balachandarkrishnasamy/.m2/repository/org/springframework/spring-context/6.1.13/spring-context-6.1.13.jar:/Users/balachandarkrishnasamy/.m2/repository/org/springframework/spring-aop/6.1.13/spring-aop-6.1.13.jar:/Users/balachandarkrishnasamy/.m2/repository/org/springframework/spring-expression/6.1.13/spring-expression-6.1.13.jar:/Users/balachandarkrishnasamy/.m2/repository/org/springframework/spring-messaging/6.1.13/spring-messaging-6.1.13.jar:/Users/balachandarkrishnasamy/.m2/repository/org/springframework/spring-tx/6.1.13/spring-tx-6.1.13.jar:/Users/balachandarkrishnasamy/.m2/repository/org/springframework/retry/spring-retry/2.0.9/spring-retry-2.0.9.jar:/Users/balachandarkrishnasamy/.m2/repository/org/apache/kafka/kafka-clients/3.7.1/kafka-clients-3.7.1.jar:/Users/balachandarkrishnasamy/.m2/repository/com/github/luben/zstd-jni/1.5.6-3/zstd-jni-1.5.6-3.jar:/Users/balachandarkrishnasamy/.m2/repository/org/lz4/lz4-java/1.8.0/lz4-java-1.8.0.jar:/Users/balachandarkrishnasamy/.m2/repository/org/xerial/snappy/snappy-java/1.1.10.5/snappy-java-1.1.10.5.jar:/Users/balachandarkrishnasamy/.m2/repository/io/micrometer/micrometer-observation/1.13.4/micrometer-observation-1.13.4.jar:/Users/balachandarkrishnasamy/.m2/repository/io/micrometer/micrometer-commons/1.13.4/micrometer-commons-1.13.4.jar:/Users/balachandarkrishnasamy/.m2/repository/io/projectreactor/kafka/reactor-kafka/1.3.22/reactor-kafka-1.3.22.jar:/Users/balachandarkrishnasamy/.m2/repository/com/fasterxml/jackson/core/jackson-databind/2.17.2/jackson-databind-2.17.2.jar:/Users/balachandarkrishnasamy/.m2/repository/com/fasterxml/jackson/core/jackson-annotations/2.17.2/jackson-annotations-2.17.2.jar:/Users/balachandarkrishnasamy/.m2/repository/com/fasterxml/jackson/core/jackson-core/2.17.2/jackson-core-2.17.2.jar:/Users/balachandarkrishnasamy/.m2/repository/com/fasterxml/jackson/datatype/jackson-datatype-jsr310/2.17.2/jackson-datatype-jsr310-2.17.2.jar:/Users/balachandarkrishnasamy/.m2/repository/org/springdoc/springdoc-openapi-starter-webflux-ui/2.3.0/springdoc-openapi-starter-webflux-ui-2.3.0.jar:/Users/balachandarkrishnasamy/.m2/repository/org/springdoc/springdoc-openapi-starter-webflux-api/2.3.0/springdoc-openapi-starter-webflux-api-2.3.0.jar:/Users/balachandarkrishnasamy/.m2/repository/org/springdoc/springdoc-openapi-starter-common/2.3.0/springdoc-openapi-starter-common-2.3.0.jar:/Users/balachandarkrishnasamy/.m2/repository/io/swagger/core/v3/swagger-core-jakarta/2.2.19/swagger-core-jakarta-2.2.19.jar:/Users/balachandarkrishnasamy/.m2/repository/org/apache/commons/commons-lang3/3.14.0/commons-lang3-3.14.0.jar:/Users/balachandarkrishnasamy/.m2/repository/io/swagger/core/v3/swagger-annotations-jakarta/2.2.19/swagger-annotations-jakarta-2.2.19.jar:/Users/balachandarkrishnasamy/.m2/repository/io/swagger/core/v3/swagger-models-jakarta/2.2.19/swagger-models-jakarta-2.2.19.jar:/Users/balachandarkrishnasamy/.m2/repository/com/fasterxml/jackson/dataformat/jackson-dataformat-yaml/2.17.2/jackson-dataformat-yaml-2.17.2.jar:/Users/balachandarkrishnasamy/.m2/repository/org/webjars/swagger-ui/5.10.3/swagger-ui-5.10.3.jar:/Users/balachandarkrishnasamy/.m2/repository/org/springframework/boot/spring-boot-starter-validation/3.3.4/spring-boot-starter-validation-3.3.4.jar:/Users/balachandarkrishnasamy/.m2/repository/org/apache/tomcat/embed/tomcat-embed-el/10.1.30/tomcat-embed-el-10.1.30.jar:/Users/balachandarkrishnasamy/.m2/repository/org/hibernate/validator/hibernate-validator/8.0.1.Final/hibernate-validator-8.0.1.Final.jar:/Users/balachandarkrishnasamy/.m2/repository/jakarta/validation/jakarta.validation-api/3.0.2/jakarta.validation-api-3.0.2.jar:/Users/balachandarkrishnasamy/.m2/repository/org/jboss/logging/jboss-logging/3.5.3.Final/jboss-logging-3.5.3.Final.jar:/Users/balachandarkrishnasamy/.m2/repository/com/fasterxml/classmate/1.7.0/classmate-1.7.0.jar:/Users/balachandarkrishnasamy/.m2/repository/org/springframework/boot/spring-boot-starter-actuator/3.3.4/spring-boot-starter-actuator-3.3.4.jar:/Users/balachandarkrishnasamy/.m2/repository/org/springframework/boot/spring-boot-actuator-autoconfigure/3.3.4/spring-boot-actuator-autoconfigure-3.3.4.jar:/Users/balachandarkrishnasamy/.m2/repository/org/springframework/boot/spring-boot-actuator/3.3.4/spring-boot-actuator-3.3.4.jar:/Users/balachandarkrishnasamy/.m2/repository/io/micrometer/micrometer-jakarta9/1.13.4/micrometer-jakarta9-1.13.4.jar:/Users/balachandarkrishnasamy/.m2/repository/io/micrometer/micrometer-core/1.13.4/micrometer-core-1.13.4.jar:/Users/balachandarkrishnasamy/.m2/repository/org/hdrhistogram/HdrHistogram/2.2.2/HdrHistogram-2.2.2.jar:/Users/balachandarkrishnasamy/.m2/repository/org/latencyutils/LatencyUtils/2.0.3/LatencyUtils-2.0.3.jar:/Users/balachandarkrishnasamy/.m2/repository/org/projectlombok/lombok/1.18.32/lombok-1.18.32.jar:/Users/balachandarkrishnasamy/.m2/repository/org/springframework/boot/spring-boot-starter-test/3.3.4/spring-boot-starter-test-3.3.4.jar:/Users/balachandarkrishnasamy/.m2/repository/org/springframework/boot/spring-boot-test/3.3.4/spring-boot-test-3.3.4.jar:/Users/balachandarkrishnasamy/.m2/repository/org/springframework/boot/spring-boot-test-autoconfigure/3.3.4/spring-boot-test-autoconfigure-3.3.4.jar:/Users/balachandarkrishnasamy/.m2/repository/com/jayway/jsonpath/json-path/2.9.0/json-path-2.9.0.jar:/Users/balachandarkrishnasamy/.m2/repository/jakarta/xml/bind/jakarta.xml.bind-api/4.0.2/jakarta.xml.bind-api-4.0.2.jar:/Users/balachandarkrishnasamy/.m2/repository/jakarta/activation/jakarta.activation-api/2.1.3/jakarta.activation-api-2.1.3.jar:/Users/balachandarkrishnasamy/.m2/repository/net/minidev/json-smart/2.5.1/json-smart-2.5.1.jar:/Users/balachandarkrishnasamy/.m2/repository/net/minidev/accessors-smart/2.5.1/accessors-smart-2.5.1.jar:/Users/balachandarkrishnasamy/.m2/repository/org/ow2/asm/asm/9.6/asm-9.6.jar:/Users/balachandarkrishnasamy/.m2/repository/org/assertj/assertj-core/3.25.3/assertj-core-3.25.3.jar:/Users/balachandarkrishnasamy/.m2/repository/net/bytebuddy/byte-buddy/1.14.19/byte-buddy-1.14.19.jar:/Users/balachandarkrishnasamy/.m2/repository/org/awaitility/awaitility/4.2.2/awaitility-4.2.2.jar:/Users/balachandarkrishnasamy/.m2/repository/org/hamcrest/hamcrest/2.2/hamcrest-2.2.jar:/Users/balachandarkrishnasamy/.m2/repository/org/junit/jupiter/junit-jupiter/5.10.3/junit-jupiter-5.10.3.jar:/Users/balachandarkrishnasamy/.m2/repository/org/junit/jupiter/junit-jupiter-api/5.10.3/junit-jupiter-api-5.10.3.jar:/Users/balachandarkrishnasamy/.m2/repository/org/opentest4j/opentest4j/1.3.0/opentest4j-1.3.0.jar:/Users/balachandarkrishnasamy/.m2/repository/org/junit/platform/junit-platform-commons/1.10.3/junit-platform-commons-1.10.3.jar:/Users/balachandarkrishnasamy/.m2/repository/org/apiguardian/apiguardian-api/1.1.2/apiguardian-api-1.1.2.jar:/Users/balachandarkrishnasamy/.m2/repository/org/junit/jupiter/junit-jupiter-params/5.10.3/junit-jupiter-params-5.10.3.jar:/Users/balachandarkrishnasamy/.m2/repository/org/junit/jupiter/junit-jupiter-engine/5.10.3/junit-jupiter-engine-5.10.3.jar:/Users/balachandarkrishnasamy/.m2/repository/org/junit/platform/junit-platform-engine/1.10.3/junit-platform-engine-1.10.3.jar:/Users/balachandarkrishnasamy/.m2/repository/org/mockito/mockito-core/5.11.0/mockito-core-5.11.0.jar:/Users/balachandarkrishnasamy/.m2/repository/net/bytebuddy/byte-buddy-agent/1.14.19/byte-buddy-agent-1.14.19.jar:/Users/balachandarkrishnasamy/.m2/repository/org/objenesis/objenesis/3.3/objenesis-3.3.jar:/Users/balachandarkrishnasamy/.m2/repository/org/mockito/mockito-junit-jupiter/5.11.0/mockito-junit-jupiter-5.11.0.jar:/Users/balachandarkrishnasamy/.m2/repository/org/skyscreamer/jsonassert/1.5.3/jsonassert-1.5.3.jar:/Users/balachandarkrishnasamy/.m2/repository/com/vaadin/external/google/android-json/0.0.20131108.vaadin1/android-json-0.0.20131108.vaadin1.jar:/Users/balachandarkrishnasamy/.m2/repository/org/springframework/spring-core/6.1.13/spring-core-6.1.13.jar:/Users/balachandarkrishnasamy/.m2/repository/org/springframework/spring-jcl/6.1.13/spring-jcl-6.1.13.jar:/Users/balachandarkrishnasamy/.m2/repository/org/springframework/spring-test/6.1.13/spring-test-6.1.13.jar:/Users/balachandarkrishnasamy/.m2/repository/org/xmlunit/xmlunit-core/2.9.1/xmlunit-core-2.9.1.jar:/Users/balachandarkrishnasamy/.m2/repository/io/projectreactor/reactor-test/3.6.10/reactor-test-3.6.10.jar:"/>
    <property name="sun.cpu.endian" value="little"/>
    <property name="user.home" value="/Users/balachandarkrishnasamy"/>
    <property name="user.language" value="en"/>
    <property name="java.specification.vendor" value="Oracle Corporation"/>
    <property name="java.version.date" value="2024-03-19"/>
    <property name="java.home" value="/Library/Java/JavaVirtualMachines/jdk-22.jdk/Contents/Home"/>
    <property name="file.separator" value="/"/>
    <property name="basedir" value="/Users/balachandarkrishnasamy/Desktop/Project-demo/Latest/finflow-reactive-solution-kafka"/>
    <property name="java.vm.compressedOopsMode" value="Zero based"/>
    <property name="line.separator" value="&#10;"/>
    <property name="java.vm.specification.vendor" value="Oracle Corporation"/>
    <property name="java.specification.name" value="Java Platform API Specification"/>
    <property name="FILE_LOG_CHARSET" value="UTF-8"/>
    <property name="java.awt.headless" value="true"/>
    <property name="apple.awt.application.name" value="ForkedBooter"/>
    <property name="surefire.real.class.path" value="/Users/balachandarkrishnasamy/Desktop/Project-demo/Latest/finflow-reactive-solution-kafka/target/surefire/surefirebooter-20251029113654444_3.jar"/>
    <property name="sun.management.compiler" value="HotSpot 64-Bit Tiered Compilers"/>
    <property name="ftp.nonProxyHosts" value="local|*.local|169.254/16|*.169.254/16"/>
    <property name="java.runtime.version" value="22+36-2370"/>
    <property name="user.name" value="balachandarkrishnasamy"/>
    <property name="stdout.encoding" value="UTF-8"/>
    <property name="path.separator" value=":"/>
    <property name="os.version" value="14.4.1"/>
    <property name="java.runtime.name" value="Java(TM) SE Runtime Environment"/>
    <property name="file.encoding" value="UTF-8"/>
    <property name="java.vm.name" value="Java HotSpot(TM) 64-Bit Server VM"/>
    <property name="localRepository" value="/Users/balachandarkrishnasamy/.m2/repository"/>
    <property name="java.vendor.url.bug" value="https://bugreport.java.com/bugreport/"/>
    <property name="java.io.tmpdir" value="/var/folders/71/dw27bd9n5m168qyfzhbj48_w0000gn/T/"/>
    <property name="java.version" value="22"/>
    <property name="user.dir" value="/Users/balachandarkrishnasamy/Desktop/Project-demo/Latest/finflow-reactive-solution-kafka"/>
    <property name="os.arch" value="x86_64"/>
    <property name="java.vm.specification.name" value="Java Virtual Machine Specification"/>
    <property name="PID" value="3531"/>
    <property name="CONSOLE_LOG_CHARSET" value="UTF-8"/>
    <property name="native.encoding" value="UTF-8"/>
    <property name="java.library.path" value="/Users/balachandarkrishnasamy/Library/Java/Extensions:/Library/Java/Extensions:/Network/Library/Java/Extensions:/System/Library/Java/Extensions:/usr/lib/java:."/>
    <property name="java.vm.info" value="mixed mode, sharing"/>
    <property name="stderr.encoding" value="UTF-8"/>
    <property name="java.vendor" value="Oracle Corporation"/>
    <property name="java.vm.version" value="22+36-2370"/>
    <property name="sun.io.unicode.encoding" value="UnicodeBig"/>
    <property name="socksNonProxyHosts" value="local|*.local|169.254/16|*.169.254/16"/>
    <property name="java.class.version" value="66.0"/>
  </properties>
  <testcase name="endToEndFlow(TestCase)[1]" classname="com.example.finflow.web.TransactionControllerParameterizedTest" time="1.199">
    <system-out><![CDATA[
  .   ____          _            __ _ _
 /\\ / ___'_ __ _ _(_)_ __  __ _ \ \ \ \
( ( )\___ | '_ | '_| | '_ \/ _` | \ \ \ \
 \\/  ___)| |_)| | | | | || (_| |  ) ) ) )
  '  |____| .__|_| |_|_| |_\__, | / / / /
 =========|_|==============|___/=/_/_/_/

 :: Spring Boot ::                (v3.3.4)

2025-10-29T11:36:55.833Z  INFO 3531 --- [           main] w.TransactionControllerParameterizedTest : Starting TransactionControllerParameterizedTest using Java 22 with PID 3531 (started by balachandarkrishnasamy in /Users/balachandarkrishnasamy/Desktop/Project-demo/Latest/finflow-reactive-solution-kafka)
2025-10-29T11:36:55.836Z  INFO 3531 --- [           main] w.TransactionControllerParameterizedTest : The following 1 profile is active: "test"
2025-10-29T11:36:56.674Z  INFO 3531 --- [           main] .s.d.r.c.RepositoryConfigurationDelegate : Bootstrapping Spring Data R2DBC repositories in DEFAULT mode.
2025-10-29T11:36:56.784Z  INFO 3531 --- [           main] .s.d.r.c.RepositoryConfigurationDelegate : Finished Spring Data repository scanning in 106 ms. Found 3 R2DBC repository interfaces.
2025-10-29T11:36:57.279Z  INFO 3531 --- [           main] o.a.k.clients.consumer.ConsumerConfig    : ConsumerConfig values: 
	allow.auto.create.topics = true
	auto.commit.interval.ms = 5000
	auto.include.jmx.reporter = true
	auto.offset.reset = earliest
	bootstrap.servers = [localhost:9092]
	check.crcs = true
	client.dns.lookup = use_all_dns_ips
	client.id = consumer-finflow-consumer-group-1
	client.rack = 
	connections.max.idle.ms = 540000
	default.api.timeout.ms = 60000
	enable.auto.commit = false
	enable.metrics.push = true
	exclude.internal.topics = true
	fetch.max.bytes = 52428800
	fetch.max.wait.ms = 500
	fetch.min.bytes = 1
	group.id = finflow-consumer-group
	group.instance.id = null
	group.protocol = classic
	group.remote.assignor = null
	heartbeat.interval.ms = 3000
	interceptor.classes = []
	internal.leave.group.on.close = true
	internal.throw.on.fetch.stable.offset.unsupported = false
	isolation.level = read_uncommitted
	key.deserializer = class org.apache.kafka.common.serialization.StringDeserializer
	max.partition.fetch.bytes = 1048576
	max.poll.interval.ms = 300000
	max.poll.records = 500
	metadata.max.age.ms = 300000
	metric.reporters = []
	metrics.num.samples = 2
	metrics.recording.level = INFO
	metrics.sample.window.ms = 30000
	partition.assignment.strategy = [class org.apache.kafka.clients.consumer.RangeAssignor, class org.apache.kafka.clients.consumer.CooperativeStickyAssignor]
	receive.buffer.bytes = 65536
	reconnect.backoff.max.ms = 1000
	reconnect.backoff.ms = 50
	request.timeout.ms = 30000
	retry.backoff.max.ms = 1000
	retry.backoff.ms = 100
	sasl.client.callback.handler.class = null
	sasl.jaas.config = null
	sasl.kerberos.kinit.cmd = /usr/bin/kinit
	sasl.kerberos.min.time.before.relogin = 60000
	sasl.kerberos.service.name = null
	sasl.kerberos.ticket.renew.jitter = 0.05
	sasl.kerberos.ticket.renew.window.factor = 0.8
	sasl.login.callback.handler.class = null
	sasl.login.class = null
	sasl.login.connect.timeout.ms = null
	sasl.login.read.timeout.ms = null
	sasl.login.refresh.buffer.seconds = 300
	sasl.login.refresh.min.period.seconds = 60
	sasl.login.refresh.window.factor = 0.8
	sasl.login.refresh.window.jitter = 0.05
	sasl.login.retry.backoff.max.ms = 10000
	sasl.login.retry.backoff.ms = 100
	sasl.mechanism = GSSAPI
	sasl.oauthbearer.clock.skew.seconds = 30
	sasl.oauthbearer.expected.audience = null
	sasl.oauthbearer.expected.issuer = null
	sasl.oauthbearer.jwks.endpoint.refresh.ms = 3600000
	sasl.oauthbearer.jwks.endpoint.retry.backoff.max.ms = 10000
	sasl.oauthbearer.jwks.endpoint.retry.backoff.ms = 100
	sasl.oauthbearer.jwks.endpoint.url = null
	sasl.oauthbearer.scope.claim.name = scope
	sasl.oauthbearer.sub.claim.name = sub
	sasl.oauthbearer.token.endpoint.url = null
	security.protocol = PLAINTEXT
	security.providers = null
	send.buffer.bytes = 131072
	session.timeout.ms = 45000
	socket.connection.setup.timeout.max.ms = 30000
	socket.connection.setup.timeout.ms = 10000
	ssl.cipher.suites = null
	ssl.enabled.protocols = [TLSv1.2, TLSv1.3]
	ssl.endpoint.identification.algorithm = https
	ssl.engine.factory.class = null
	ssl.key.password = null
	ssl.keymanager.algorithm = SunX509
	ssl.keystore.certificate.chain = null
	ssl.keystore.key = null
	ssl.keystore.location = null
	ssl.keystore.password = null
	ssl.keystore.type = JKS
	ssl.protocol = TLSv1.3
	ssl.provider = null
	ssl.secure.random.implementation = null
	ssl.trustmanager.algorithm = PKIX
	ssl.truststore.certificates = null
	ssl.truststore.location = null
	ssl.truststore.password = null
	ssl.truststore.type = JKS
	value.deserializer = class org.apache.kafka.common.serialization.StringDeserializer

2025-10-29T11:36:57.317Z  INFO 3531 --- [           main] o.a.k.c.t.i.KafkaMetricsCollector        : initializing Kafka metrics collector
2025-10-29T11:36:57.485Z  INFO 3531 --- [           main] o.a.kafka.common.utils.AppInfoParser     : Kafka version: 3.7.1
2025-10-29T11:36:57.486Z  INFO 3531 --- [           main] o.a.kafka.common.utils.AppInfoParser     : Kafka commitId: e2494e6ffb89f828
2025-10-29T11:36:57.486Z  INFO 3531 --- [           main] o.a.kafka.common.utils.AppInfoParser     : Kafka startTimeMs: 1761737817484
2025-10-29T11:36:57.497Z  INFO 3531 --- [onsumer-group-1] o.a.k.c.c.internals.LegacyKafkaConsumer  : [Consumer clientId=consumer-finflow-consumer-group-1, groupId=finflow-consumer-group] Subscribed to topic(s): transactions-topic
2025-10-29T11:36:57.791Z  INFO 3531 --- [onsumer-group-1] org.apache.kafka.clients.Metadata        : [Consumer clientId=consumer-finflow-consumer-group-1, groupId=finflow-consumer-group] Cluster ID: yOdSQCFYT7-Mu3nfAaGnKQ
2025-10-29T11:36:57.791Z  INFO 3531 --- [onsumer-group-1] o.a.k.c.c.internals.ConsumerCoordinator  : [Consumer clientId=consumer-finflow-consumer-group-1, groupId=finflow-consumer-group] Discovered group coordinator localhost:9092 (id: 2147483646 rack: null)
2025-10-29T11:36:57.794Z  INFO 3531 --- [onsumer-group-1] o.a.k.c.c.internals.ConsumerCoordinator  : [Consumer clientId=consumer-finflow-consumer-group-1, groupId=finflow-consumer-group] (Re-)joining group
2025-10-29T11:36:57.806Z  INFO 3531 --- [onsumer-group-1] o.a.k.c.c.internals.ConsumerCoordinator  : [Consumer clientId=consumer-finflow-consumer-group-1, groupId=finflow-consumer-group] Request joining group due to: need to re-join with the given member-id: consumer-finflow-consumer-group-1-bea8623b-cd8e-48e9-ae44-5b2ae8b35552
2025-10-29T11:36:57.807Z  INFO 3531 --- [onsumer-group-1] o.a.k.c.c.internals.ConsumerCoordinator  : [Consumer clientId=consumer-finflow-consumer-group-1, groupId=finflow-consumer-group] (Re-)joining group
2025-10-29T11:36:58.010Z DEBUG 3531 --- [       single-1] io.r2dbc.h2.client.SessionClient         : Request:  CALL H2VERSION()
2025-10-29T11:36:58.012Z DEBUG 3531 --- [       single-1] io.r2dbc.h2.client.SessionClient         : Response: org.h2.result.LocalResult@1aaeaf70 columns: 1 rows: 1 pos: -1
2025-10-29T11:36:58.022Z DEBUG 3531 --- [       single-1] io.r2dbc.h2.client.SessionClient         : Request:  SELECT CURRENT_TIMESTAMP
2025-10-29T11:36:58.024Z DEBUG 3531 --- [       single-1] io.r2dbc.h2.client.SessionClient         : Response: org.h2.result.LocalResult@5bb62664 columns: 1 rows: 1 pos: -1
2025-10-29T11:36:58.050Z DEBUG 3531 --- [       single-1] io.r2dbc.h2.client.SessionClient         : Request:  CALL H2VERSION()
2025-10-29T11:36:58.051Z DEBUG 3531 --- [       single-1] io.r2dbc.h2.client.SessionClient         : Response: org.h2.result.LocalResult@1926d7b columns: 1 rows: 1 pos: -1
2025-10-29T11:36:58.052Z DEBUG 3531 --- [       single-1] io.r2dbc.h2.client.SessionClient         : Request:  CALL H2VERSION()
2025-10-29T11:36:58.052Z DEBUG 3531 --- [       single-1] io.r2dbc.h2.client.SessionClient         : Response: org.h2.result.LocalResult@25abd56b columns: 1 rows: 1 pos: -1
2025-10-29T11:36:58.053Z DEBUG 3531 --- [       single-1] io.r2dbc.h2.client.SessionClient         : Request:  CALL H2VERSION()
2025-10-29T11:36:58.053Z DEBUG 3531 --- [       single-1] io.r2dbc.h2.client.SessionClient         : Response: org.h2.result.LocalResult@4ac61068 columns: 1 rows: 1 pos: -1
2025-10-29T11:36:58.054Z DEBUG 3531 --- [       single-1] io.r2dbc.h2.client.SessionClient         : Request:  CALL H2VERSION()
2025-10-29T11:36:58.054Z DEBUG 3531 --- [       single-1] io.r2dbc.h2.client.SessionClient         : Response: org.h2.result.LocalResult@40da2052 columns: 1 rows: 1 pos: -1
2025-10-29T11:36:58.055Z DEBUG 3531 --- [       single-1] io.r2dbc.h2.client.SessionClient         : Request:  CALL H2VERSION()
2025-10-29T11:36:58.056Z DEBUG 3531 --- [       single-1] io.r2dbc.h2.client.SessionClient         : Response: org.h2.result.LocalResult@52b17487 columns: 1 rows: 1 pos: -1
2025-10-29T11:36:58.056Z DEBUG 3531 --- [       single-1] io.r2dbc.h2.client.SessionClient         : Request:  CALL H2VERSION()
2025-10-29T11:36:58.057Z DEBUG 3531 --- [       single-1] io.r2dbc.h2.client.SessionClient         : Response: org.h2.result.LocalResult@29caf337 columns: 1 rows: 1 pos: -1
2025-10-29T11:36:58.058Z DEBUG 3531 --- [       single-1] io.r2dbc.h2.client.SessionClient         : Request:  CALL H2VERSION()
2025-10-29T11:36:58.058Z DEBUG 3531 --- [       single-1] io.r2dbc.h2.client.SessionClient         : Response: org.h2.result.LocalResult@5375e336 columns: 1 rows: 1 pos: -1
2025-10-29T11:36:58.059Z DEBUG 3531 --- [       single-1] io.r2dbc.h2.client.SessionClient         : Request:  CALL H2VERSION()
2025-10-29T11:36:58.059Z DEBUG 3531 --- [       single-1] io.r2dbc.h2.client.SessionClient         : Response: org.h2.result.LocalResult@42bc91ba columns: 1 rows: 1 pos: -1
2025-10-29T11:36:58.060Z DEBUG 3531 --- [       single-1] io.r2dbc.h2.client.SessionClient         : Request:  CALL H2VERSION()
2025-10-29T11:36:58.060Z DEBUG 3531 --- [       single-1] io.r2dbc.h2.client.SessionClient         : Response: org.h2.result.LocalResult@1b70d026 columns: 1 rows: 1 pos: -1
2025-10-29T11:36:58.062Z DEBUG 3531 --- [       Thread-3] io.r2dbc.h2.client.SessionClient         : Request:  CREATE TABLE IF NOT EXISTS account ( account_id BIGINT GENERATED BY DEFAULT AS IDENTITY PRIMARY KEY, document_number VARCHAR(50) NOT NULL UNIQUE, credit_limit DECIMAL(19,2) DEFAULT 1000.00, available_limit DECIMAL(19,2) DEFAULT 1000.00 )
2025-10-29T11:36:58.069Z DEBUG 3531 --- [       Thread-3] io.r2dbc.h2.client.SessionClient         : Request:  CREATE TABLE IF NOT EXISTS operation_type ( operation_type_id INT PRIMARY KEY, description VARCHAR(100) NOT NULL )
2025-10-29T11:36:58.070Z DEBUG 3531 --- [       Thread-3] io.r2dbc.h2.client.SessionClient         : Request:  CREATE TABLE IF NOT EXISTS transaction ( transaction_id BIGINT GENERATED BY DEFAULT AS IDENTITY PRIMARY KEY, account_id BIGINT NOT NULL, operation_type_id INT NOT NULL, amount DECIMAL(19,2) NOT NULL, event_date TIMESTAMP NOT NULL, CONSTRAINT fk_account FOREIGN KEY (account_id) REFERENCES account(account_id) )
2025-10-29T11:36:58.078Z DEBUG 3531 --- [       Thread-3] io.r2dbc.h2.client.SessionClient         : Request:  MERGE INTO operation_type (operation_type_id, description) KEY(operation_type_id) VALUES (1, 'PURCHASE'), (2, 'INSTALLMENT PURCHASE'), (3, 'WITHDRAWAL'), (4, 'PAYMENT')
2025-10-29T11:36:58.082Z DEBUG 3531 --- [       Thread-3] io.r2dbc.h2.client.SessionClient         : Request:  SELECT CURRENT_TIMESTAMP
2025-10-29T11:36:58.082Z DEBUG 3531 --- [       Thread-3] io.r2dbc.h2.client.SessionClient         : Response: org.h2.result.LocalResult@2d4848b3 columns: 1 rows: 1 pos: -1
2025-10-29T11:36:58.472Z  INFO 3531 --- [           main] o.s.b.a.e.web.EndpointLinksResolver      : Exposing 1 endpoint beneath base path '/actuator'
2025-10-29T11:36:58.788Z DEBUG 3531 --- [           main] io.r2dbc.h2.client.SessionClient         : Request:  SELECT CURRENT_TIMESTAMP
2025-10-29T11:36:58.788Z DEBUG 3531 --- [           main] io.r2dbc.h2.client.SessionClient         : Response: org.h2.result.LocalResult@3f33bb6f columns: 1 rows: 1 pos: -1
2025-10-29T11:36:58.790Z DEBUG 3531 --- [       Thread-2] io.r2dbc.h2.client.SessionClient         : Request:  CREATE TABLE IF NOT EXISTS account ( account_id BIGINT GENERATED BY DEFAULT AS IDENTITY PRIMARY KEY, document_number VARCHAR(50) NOT NULL UNIQUE, credit_limit DECIMAL(19,2) DEFAULT 1000.00, available_limit DECIMAL(19,2) DEFAULT 1000.00 )
2025-10-29T11:36:58.790Z DEBUG 3531 --- [       Thread-2] io.r2dbc.h2.client.SessionClient         : Request:  CREATE TABLE IF NOT EXISTS operation_type ( operation_type_id INT PRIMARY KEY, description VARCHAR(100) NOT NULL )
2025-10-29T11:36:58.791Z DEBUG 3531 --- [       Thread-2] io.r2dbc.h2.client.SessionClient         : Request:  CREATE TABLE IF NOT EXISTS transaction ( transaction_id BIGINT GENERATED BY DEFAULT AS IDENTITY PRIMARY KEY, account_id BIGINT NOT NULL, operation_type_id INT NOT NULL, amount DECIMAL(19,2) NOT NULL, event_date TIMESTAMP NOT NULL, CONSTRAINT fk_account FOREIGN KEY (account_id) REFERENCES account(account_id) )
2025-10-29T11:36:58.791Z DEBUG 3531 --- [       Thread-2] io.r2dbc.h2.client.SessionClient         : Request:  MERGE INTO operation_type (operation_type_id, description) KEY(operation_type_id) VALUES (1, 'PURCHASE'), (2, 'INSTALLMENT PURCHASE'), (3, 'WITHDRAWAL'), (4, 'PAYMENT')
2025-10-29T11:36:58.792Z DEBUG 3531 --- [       Thread-2] io.r2dbc.h2.client.SessionClient         : Request:  SELECT CURRENT_TIMESTAMP
2025-10-29T11:36:58.793Z DEBUG 3531 --- [       Thread-2] io.r2dbc.h2.client.SessionClient         : Response: org.h2.result.LocalResult@5febd9f0 columns: 1 rows: 1 pos: -1
2025-10-29T11:36:58.794Z DEBUG 3531 --- [           main] io.r2dbc.h2.client.SessionClient         : Request:  SELECT CURRENT_TIMESTAMP
2025-10-29T11:36:58.794Z DEBUG 3531 --- [           main] io.r2dbc.h2.client.SessionClient         : Response: org.h2.result.LocalResult@33b2ba25 columns: 1 rows: 1 pos: -1
2025-10-29T11:36:58.796Z DEBUG 3531 --- [       Thread-3] io.r2dbc.h2.client.SessionClient         : Request:  MERGE INTO operation_type (operation_type_id, description) KEY (operation_type_id) VALUES (1, 'PURCHASE'), (2, 'INSTALLMENT PURCHASE'), (3, 'WITHDRAWAL'), (4, 'PAYMENT')
2025-10-29T11:36:58.797Z DEBUG 3531 --- [       Thread-3] io.r2dbc.h2.client.SessionClient         : Request:  SELECT CURRENT_TIMESTAMP
2025-10-29T11:36:58.798Z DEBUG 3531 --- [       Thread-3] io.r2dbc.h2.client.SessionClient         : Response: org.h2.result.LocalResult@66c38020 columns: 1 rows: 1 pos: -1
2025-10-29T11:36:58.871Z  INFO 3531 --- [           main] o.a.k.clients.admin.AdminClientConfig    : AdminClientConfig values: 
	auto.include.jmx.reporter = true
	bootstrap.controllers = []
	bootstrap.servers = [localhost:9092]
	client.dns.lookup = use_all_dns_ips
	client.id = 
	connections.max.idle.ms = 300000
	default.api.timeout.ms = 60000
	enable.metrics.push = true
	metadata.max.age.ms = 300000
	metric.reporters = []
	metrics.num.samples = 2
	metrics.recording.level = INFO
	metrics.sample.window.ms = 30000
	receive.buffer.bytes = 65536
	reconnect.backoff.max.ms = 1000
	reconnect.backoff.ms = 50
	request.timeout.ms = 30000
	retries = 2147483647
	retry.backoff.max.ms = 1000
	retry.backoff.ms = 100
	sasl.client.callback.handler.class = null
	sasl.jaas.config = null
	sasl.kerberos.kinit.cmd = /usr/bin/kinit
	sasl.kerberos.min.time.before.relogin = 60000
	sasl.kerberos.service.name = null
	sasl.kerberos.ticket.renew.jitter = 0.05
	sasl.kerberos.ticket.renew.window.factor = 0.8
	sasl.login.callback.handler.class = null
	sasl.login.class = null
	sasl.login.connect.timeout.ms = null
	sasl.login.read.timeout.ms = null
	sasl.login.refresh.buffer.seconds = 300
	sasl.login.refresh.min.period.seconds = 60
	sasl.login.refresh.window.factor = 0.8
	sasl.login.refresh.window.jitter = 0.05
	sasl.login.retry.backoff.max.ms = 10000
	sasl.login.retry.backoff.ms = 100
	sasl.mechanism = GSSAPI
	sasl.oauthbearer.clock.skew.seconds = 30
	sasl.oauthbearer.expected.audience = null
	sasl.oauthbearer.expected.issuer = null
	sasl.oauthbearer.jwks.endpoint.refresh.ms = 3600000
	sasl.oauthbearer.jwks.endpoint.retry.backoff.max.ms = 10000
	sasl.oauthbearer.jwks.endpoint.retry.backoff.ms = 100
	sasl.oauthbearer.jwks.endpoint.url = null
	sasl.oauthbearer.scope.claim.name = scope
	sasl.oauthbearer.sub.claim.name = sub
	sasl.oauthbearer.token.endpoint.url = null
	security.protocol = PLAINTEXT
	security.providers = null
	send.buffer.bytes = 131072
	socket.connection.setup.timeout.max.ms = 30000
	socket.connection.setup.timeout.ms = 10000
	ssl.cipher.suites = null
	ssl.enabled.protocols = [TLSv1.2, TLSv1.3]
	ssl.endpoint.identification.algorithm = https
	ssl.engine.factory.class = null
	ssl.key.password = null
	ssl.keymanager.algorithm = SunX509
	ssl.keystore.certificate.chain = null
	ssl.keystore.key = null
	ssl.keystore.location = null
	ssl.keystore.password = null
	ssl.keystore.type = JKS
	ssl.protocol = TLSv1.3
	ssl.provider = null
	ssl.secure.random.implementation = null
	ssl.trustmanager.algorithm = PKIX
	ssl.truststore.certificates = null
	ssl.truststore.location = null
	ssl.truststore.password = null
	ssl.truststore.type = JKS

2025-10-29T11:36:58.895Z  INFO 3531 --- [           main] o.a.kafka.common.utils.AppInfoParser     : Kafka version: 3.7.1
2025-10-29T11:36:58.895Z  INFO 3531 --- [           main] o.a.kafka.common.utils.AppInfoParser     : Kafka commitId: e2494e6ffb89f828
2025-10-29T11:36:58.895Z  INFO 3531 --- [           main] o.a.kafka.common.utils.AppInfoParser     : Kafka startTimeMs: 1761737818895
2025-10-29T11:36:58.914Z  INFO 3531 --- [| adminclient-1] o.a.kafka.common.utils.AppInfoParser     : App info kafka.admin.client for adminclient-1 unregistered
2025-10-29T11:36:58.921Z  INFO 3531 --- [| adminclient-1] o.apache.kafka.common.metrics.Metrics    : Metrics scheduler closed
2025-10-29T11:36:58.921Z  INFO 3531 --- [| adminclient-1] o.apache.kafka.common.metrics.Metrics    : Closing reporter org.apache.kafka.common.metrics.JmxReporter
2025-10-29T11:36:58.921Z  INFO 3531 --- [| adminclient-1] o.apache.kafka.common.metrics.Metrics    : Metrics reporters closed
2025-10-29T11:36:59.000Z  INFO 3531 --- [           main] o.s.b.web.embedded.netty.NettyWebServer  : Netty started on port 50370 (http)
2025-10-29T11:36:59.014Z  INFO 3531 --- [           main] w.TransactionControllerParameterizedTest : Started TransactionControllerParameterizedTest in 3.59 seconds (process running for 4.484)
2025-10-29T11:36:59.702Z DEBUG 3531 --- [flux-http-nio-2] io.r2dbc.h2.client.SessionClient         : Request:  SELECT CURRENT_TIMESTAMP
2025-10-29T11:36:59.702Z DEBUG 3531 --- [flux-http-nio-2] io.r2dbc.h2.client.SessionClient         : Response: org.h2.result.LocalResult@2ce18e47 columns: 1 rows: 1 pos: -1
2025-10-29T11:36:59.711Z DEBUG 3531 --- [flux-http-nio-2] o.s.r2dbc.core.DefaultDatabaseClient     : Executing SQL statement [INSERT INTO account (document_number, credit_limit, available_limit) VALUES ($1, $2, $3)]
2025-10-29T11:36:59.714Z DEBUG 3531 --- [flux-http-nio-2] io.r2dbc.h2.client.SessionClient         : Request:  INSERT INTO account (document_number, credit_limit, available_limit) VALUES ($1, $2, $3) {1: 'DOC_12440996742499', 2: CAST(1000 AS NUMERIC(4)), 3: CAST(1000 AS NUMERIC(4))}
2025-10-29T11:36:59.723Z DEBUG 3531 --- [flux-http-nio-2] io.r2dbc.h2.client.SessionClient         : Request:  SELECT CURRENT_TIMESTAMP
2025-10-29T11:36:59.724Z DEBUG 3531 --- [flux-http-nio-2] io.r2dbc.h2.client.SessionClient         : Response: org.h2.result.LocalResult@cb8e58b columns: 1 rows: 1 pos: -1
2025-10-29T11:37:00.184Z DEBUG 3531 --- [flux-http-nio-2] io.r2dbc.h2.client.SessionClient         : Request:  SELECT CURRENT_TIMESTAMP
2025-10-29T11:37:00.185Z DEBUG 3531 --- [flux-http-nio-2] io.r2dbc.h2.client.SessionClient         : Response: org.h2.result.LocalResult@da7ee3c columns: 1 rows: 1 pos: -1
2025-10-29T11:37:00.185Z DEBUG 3531 --- [flux-http-nio-2] o.s.r2dbc.core.DefaultDatabaseClient     : Executing SQL statement [INSERT INTO account (document_number, credit_limit, available_limit) VALUES ($1, $2, $3)]
2025-10-29T11:37:00.186Z DEBUG 3531 --- [flux-http-nio-2] io.r2dbc.h2.client.SessionClient         : Request:  INSERT INTO account (document_number, credit_limit, available_limit) VALUES ($1, $2, $3) {1: 'DOC_12440996742499B', 2: CAST(1000 AS NUMERIC(4)), 3: CAST(1000 AS NUMERIC(4))}
2025-10-29T11:37:00.187Z DEBUG 3531 --- [flux-http-nio-2] io.r2dbc.h2.client.SessionClient         : Request:  SELECT CURRENT_TIMESTAMP
2025-10-29T11:37:00.187Z DEBUG 3531 --- [flux-http-nio-2] io.r2dbc.h2.client.SessionClient         : Response: org.h2.result.LocalResult@1e1da637 columns: 1 rows: 1 pos: -1
✅ Test account created: id=2, doc=DOC_12440996742499
2025-10-29T11:37:00.815Z  INFO 3531 --- [onsumer-group-1] o.a.k.c.c.internals.ConsumerCoordinator  : [Consumer clientId=consumer-finflow-consumer-group-1, groupId=finflow-consumer-group] Successfully joined group with generation Generation{generationId=3, memberId='consumer-finflow-consumer-group-1-bea8623b-cd8e-48e9-ae44-5b2ae8b35552', protocol='range'}
2025-10-29T11:37:00.821Z  INFO 3531 --- [onsumer-group-1] o.a.k.c.c.internals.ConsumerCoordinator  : [Consumer clientId=consumer-finflow-consumer-group-1, groupId=finflow-consumer-group] Finished assignment for group at generation 3: {consumer-finflow-consumer-group-1-bea8623b-cd8e-48e9-ae44-5b2ae8b35552=Assignment(partitions=[transactions-topic-0])}
2025-10-29T11:37:00.832Z  INFO 3531 --- [onsumer-group-1] o.a.k.c.c.internals.ConsumerCoordinator  : [Consumer clientId=consumer-finflow-consumer-group-1, groupId=finflow-consumer-group] Successfully synced group in generation Generation{generationId=3, memberId='consumer-finflow-consumer-group-1-bea8623b-cd8e-48e9-ae44-5b2ae8b35552', protocol='range'}
2025-10-29T11:37:00.832Z  INFO 3531 --- [onsumer-group-1] o.a.k.c.c.internals.ConsumerCoordinator  : [Consumer clientId=consumer-finflow-consumer-group-1, groupId=finflow-consumer-group] Notifying assignor about the new Assignment(partitions=[transactions-topic-0])
2025-10-29T11:37:00.834Z  INFO 3531 --- [onsumer-group-1] k.c.c.i.ConsumerRebalanceListenerInvoker : [Consumer clientId=consumer-finflow-consumer-group-1, groupId=finflow-consumer-group] Adding newly assigned partitions: transactions-topic-0
2025-10-29T11:37:00.842Z  INFO 3531 --- [onsumer-group-1] o.a.k.c.c.internals.ConsumerCoordinator  : [Consumer clientId=consumer-finflow-consumer-group-1, groupId=finflow-consumer-group] Found no committed offset for partition transactions-topic-0
2025-10-29T11:37:00.856Z  INFO 3531 --- [onsumer-group-1] o.a.k.c.c.internals.SubscriptionState    : [Consumer clientId=consumer-finflow-consumer-group-1, groupId=finflow-consumer-group] Resetting offset for partition transactions-topic-0 to position FetchPosition{offset=0, offsetEpoch=Optional.empty, currentLeader=LeaderAndEpoch{leader=Optional[localhost:9092 (id: 1 rack: null)], epoch=0}}.
2025-10-29T11:37:01.376Z DEBUG 3531 --- [flux-http-nio-2] io.r2dbc.h2.client.SessionClient         : Request:  SELECT CURRENT_TIMESTAMP
2025-10-29T11:37:01.376Z DEBUG 3531 --- [flux-http-nio-2] io.r2dbc.h2.client.SessionClient         : Response: org.h2.result.LocalResult@44a201d2 columns: 1 rows: 1 pos: -1
2025-10-29T11:37:01.385Z DEBUG 3531 --- [flux-http-nio-2] o.s.r2dbc.core.DefaultDatabaseClient     : Executing SQL statement [SELECT account.* FROM account WHERE account.account_id = $1 LIMIT 2]
2025-10-29T11:37:01.386Z DEBUG 3531 --- [flux-http-nio-2] io.r2dbc.h2.client.SessionClient         : Request:  SELECT account.* FROM account WHERE account.account_id = $1 LIMIT 2 {1: CAST(2 AS BIGINT)}
2025-10-29T11:37:01.387Z DEBUG 3531 --- [flux-http-nio-2] io.r2dbc.h2.client.SessionClient         : Response: org.h2.result.LocalResult@63b4fd76 columns: 4 rows: 1 pos: -1
2025-10-29T11:37:01.394Z DEBUG 3531 --- [flux-http-nio-2] io.r2dbc.h2.client.SessionClient         : Request:  SELECT CURRENT_TIMESTAMP
2025-10-29T11:37:01.394Z DEBUG 3531 --- [flux-http-nio-2] io.r2dbc.h2.client.SessionClient         : Response: org.h2.result.LocalResult@6e3933d9 columns: 1 rows: 1 pos: -1
2025-10-29T11:37:01.395Z  INFO 3531 --- [flux-http-nio-2] c.e.finflow.service.TransactionService   : Transaction -> Type=1 Amount=1001.00 Status=NOK NewAvailable=1000.00
2025-10-29T11:37:01.400Z DEBUG 3531 --- [flux-http-nio-2] io.r2dbc.h2.client.SessionClient         : Request:  SELECT CURRENT_TIMESTAMP
2025-10-29T11:37:01.401Z DEBUG 3531 --- [flux-http-nio-2] io.r2dbc.h2.client.SessionClient         : Response: org.h2.result.LocalResult@7d7a0c87 columns: 1 rows: 1 pos: -1
2025-10-29T11:37:01.402Z DEBUG 3531 --- [flux-http-nio-2] o.s.r2dbc.core.DefaultDatabaseClient     : Executing SQL statement [INSERT INTO transaction (ACCOUNT_ID, OPERATION_TYPE_ID, AMOUNT, EVENT_DATE) VALUES ($1, $2, $3, $4)]
2025-10-29T11:37:01.404Z DEBUG 3531 --- [flux-http-nio-2] io.r2dbc.h2.client.SessionClient         : Request:  INSERT INTO transaction (ACCOUNT_ID, OPERATION_TYPE_ID, AMOUNT, EVENT_DATE) VALUES ($1, $2, $3, $4) {1: CAST(2 AS BIGINT), 2: 1, 3: 1001.00, 4: TIMESTAMP '2025-10-29 11:37:01.395507'}
2025-10-29T11:37:01.405Z DEBUG 3531 --- [flux-http-nio-2] io.r2dbc.h2.client.SessionClient         : Request:  SELECT CURRENT_TIMESTAMP
2025-10-29T11:37:01.406Z DEBUG 3531 --- [flux-http-nio-2] io.r2dbc.h2.client.SessionClient         : Response: org.h2.result.LocalResult@7eef9aaf columns: 1 rows: 1 pos: -1
✔️  Tx Type=1 Amount=1001.00 Expected=NOK
]]></system-out>
    <system-err><![CDATA[WARNING: A Java agent has been loaded dynamically (/Users/balachandarkrishnasamy/.m2/repository/net/bytebuddy/byte-buddy-agent/1.14.19/byte-buddy-agent-1.14.19.jar)
WARNING: If a serviceability tool is in use, please run with -XX:+EnableDynamicAgentLoading to hide this warning
WARNING: If a serviceability tool is not in use, please run with -Djdk.instrument.traceUsage for more information
WARNING: Dynamic loading of agents will be disallowed by default in a future release
]]></system-err>
  </testcase>
  <testcase name="endToEndFlow(TestCase)[2]" classname="com.example.finflow.web.TransactionControllerParameterizedTest" time="0.032">
    <system-out><![CDATA[2025-10-29T11:37:01.440Z DEBUG 3531 --- [flux-http-nio-2] io.r2dbc.h2.client.SessionClient         : Request:  SELECT CURRENT_TIMESTAMP
2025-10-29T11:37:01.441Z DEBUG 3531 --- [flux-http-nio-2] io.r2dbc.h2.client.SessionClient         : Response: org.h2.result.LocalResult@329710e2 columns: 1 rows: 1 pos: -1
2025-10-29T11:37:01.441Z DEBUG 3531 --- [flux-http-nio-2] o.s.r2dbc.core.DefaultDatabaseClient     : Executing SQL statement [SELECT account.* FROM account WHERE account.account_id = $1 LIMIT 2]
2025-10-29T11:37:01.441Z DEBUG 3531 --- [flux-http-nio-2] io.r2dbc.h2.client.SessionClient         : Request:  SELECT account.* FROM account WHERE account.account_id = $1 LIMIT 2 {1: CAST(2 AS BIGINT)}
2025-10-29T11:37:01.442Z DEBUG 3531 --- [flux-http-nio-2] io.r2dbc.h2.client.SessionClient         : Response: org.h2.result.LocalResult@30afcefd columns: 4 rows: 1 pos: -1
2025-10-29T11:37:01.443Z DEBUG 3531 --- [flux-http-nio-2] io.r2dbc.h2.client.SessionClient         : Request:  SELECT CURRENT_TIMESTAMP
2025-10-29T11:37:01.443Z DEBUG 3531 --- [flux-http-nio-2] io.r2dbc.h2.client.SessionClient         : Response: org.h2.result.LocalResult@f9bb9e7 columns: 1 rows: 1 pos: -1
2025-10-29T11:37:01.443Z  INFO 3531 --- [flux-http-nio-2] c.e.finflow.service.TransactionService   : Transaction -> Type=1 Amount=1000.00 Status=OK NewAvailable=0.00
2025-10-29T11:37:01.449Z DEBUG 3531 --- [flux-http-nio-2] io.r2dbc.h2.client.SessionClient         : Request:  SELECT CURRENT_TIMESTAMP
2025-10-29T11:37:01.450Z DEBUG 3531 --- [flux-http-nio-2] io.r2dbc.h2.client.SessionClient         : Response: org.h2.result.LocalResult@3fc96380 columns: 1 rows: 1 pos: -1
2025-10-29T11:37:01.452Z DEBUG 3531 --- [flux-http-nio-2] o.s.r2dbc.core.DefaultDatabaseClient     : Executing SQL statement [UPDATE account SET document_number = $1, credit_limit = $2, available_limit = $3 WHERE account.account_id = $4]
2025-10-29T11:37:01.454Z DEBUG 3531 --- [flux-http-nio-2] io.r2dbc.h2.client.SessionClient         : Request:  UPDATE account SET document_number = $1, credit_limit = $2, available_limit = $3 WHERE account.account_id = $4 {1: 'DOC_12440996742499B', 2: 1000.00, 3: 0.00, 4: CAST(2 AS BIGINT)}
2025-10-29T11:37:01.456Z DEBUG 3531 --- [flux-http-nio-2] io.r2dbc.h2.client.SessionClient         : Request:  SELECT CURRENT_TIMESTAMP
2025-10-29T11:37:01.457Z DEBUG 3531 --- [flux-http-nio-2] io.r2dbc.h2.client.SessionClient         : Response: org.h2.result.LocalResult@6971494c columns: 1 rows: 1 pos: -1
2025-10-29T11:37:01.458Z DEBUG 3531 --- [flux-http-nio-2] io.r2dbc.h2.client.SessionClient         : Request:  SELECT CURRENT_TIMESTAMP
2025-10-29T11:37:01.458Z DEBUG 3531 --- [flux-http-nio-2] io.r2dbc.h2.client.SessionClient         : Response: org.h2.result.LocalResult@2b7a5a7d columns: 1 rows: 1 pos: -1
2025-10-29T11:37:01.458Z DEBUG 3531 --- [flux-http-nio-2] o.s.r2dbc.core.DefaultDatabaseClient     : Executing SQL statement [INSERT INTO transaction (ACCOUNT_ID, OPERATION_TYPE_ID, AMOUNT, EVENT_DATE) VALUES ($1, $2, $3, $4)]
2025-10-29T11:37:01.459Z DEBUG 3531 --- [flux-http-nio-2] io.r2dbc.h2.client.SessionClient         : Request:  INSERT INTO transaction (ACCOUNT_ID, OPERATION_TYPE_ID, AMOUNT, EVENT_DATE) VALUES ($1, $2, $3, $4) {1: CAST(2 AS BIGINT), 2: 1, 3: 1000.00, 4: TIMESTAMP '2025-10-29 11:37:01.443764'}
2025-10-29T11:37:01.459Z DEBUG 3531 --- [flux-http-nio-2] io.r2dbc.h2.client.SessionClient         : Request:  SELECT CURRENT_TIMESTAMP
2025-10-29T11:37:01.460Z DEBUG 3531 --- [flux-http-nio-2] io.r2dbc.h2.client.SessionClient         : Response: org.h2.result.LocalResult@8a51d93 columns: 1 rows: 1 pos: -1
✔️  Tx Type=1 Amount=1000.00 Expected=OK
]]></system-out>
  </testcase>
  <testcase name="endToEndFlow(TestCase)[3]" classname="com.example.finflow.web.TransactionControllerParameterizedTest" time="0.022">
    <system-out><![CDATA[2025-10-29T11:37:01.477Z DEBUG 3531 --- [flux-http-nio-2] io.r2dbc.h2.client.SessionClient         : Request:  SELECT CURRENT_TIMESTAMP
2025-10-29T11:37:01.478Z DEBUG 3531 --- [flux-http-nio-2] io.r2dbc.h2.client.SessionClient         : Response: org.h2.result.LocalResult@48db43af columns: 1 rows: 1 pos: -1
2025-10-29T11:37:01.478Z DEBUG 3531 --- [flux-http-nio-2] o.s.r2dbc.core.DefaultDatabaseClient     : Executing SQL statement [SELECT account.* FROM account WHERE account.account_id = $1 LIMIT 2]
2025-10-29T11:37:01.478Z DEBUG 3531 --- [flux-http-nio-2] io.r2dbc.h2.client.SessionClient         : Request:  SELECT account.* FROM account WHERE account.account_id = $1 LIMIT 2 {1: CAST(2 AS BIGINT)}
2025-10-29T11:37:01.479Z DEBUG 3531 --- [flux-http-nio-2] io.r2dbc.h2.client.SessionClient         : Response: org.h2.result.LocalResult@7bd74a2e columns: 4 rows: 1 pos: -1
2025-10-29T11:37:01.479Z DEBUG 3531 --- [flux-http-nio-2] io.r2dbc.h2.client.SessionClient         : Request:  SELECT CURRENT_TIMESTAMP
2025-10-29T11:37:01.479Z DEBUG 3531 --- [flux-http-nio-2] io.r2dbc.h2.client.SessionClient         : Response: org.h2.result.LocalResult@3dfc524f columns: 1 rows: 1 pos: -1
2025-10-29T11:37:01.480Z  INFO 3531 --- [flux-http-nio-2] c.e.finflow.service.TransactionService   : Transaction -> Type=1 Amount=1.00 Status=NOK NewAvailable=0.00
2025-10-29T11:37:01.481Z DEBUG 3531 --- [flux-http-nio-2] io.r2dbc.h2.client.SessionClient         : Request:  SELECT CURRENT_TIMESTAMP
2025-10-29T11:37:01.481Z DEBUG 3531 --- [flux-http-nio-2] io.r2dbc.h2.client.SessionClient         : Response: org.h2.result.LocalResult@629fb1e columns: 1 rows: 1 pos: -1
2025-10-29T11:37:01.482Z DEBUG 3531 --- [flux-http-nio-2] o.s.r2dbc.core.DefaultDatabaseClient     : Executing SQL statement [INSERT INTO transaction (ACCOUNT_ID, OPERATION_TYPE_ID, AMOUNT, EVENT_DATE) VALUES ($1, $2, $3, $4)]
2025-10-29T11:37:01.482Z DEBUG 3531 --- [flux-http-nio-2] io.r2dbc.h2.client.SessionClient         : Request:  INSERT INTO transaction (ACCOUNT_ID, OPERATION_TYPE_ID, AMOUNT, EVENT_DATE) VALUES ($1, $2, $3, $4) {1: CAST(2 AS BIGINT), 2: 1, 3: 1.00, 4: TIMESTAMP '2025-10-29 11:37:01.48019'}
2025-10-29T11:37:01.483Z DEBUG 3531 --- [flux-http-nio-2] io.r2dbc.h2.client.SessionClient         : Request:  SELECT CURRENT_TIMESTAMP
2025-10-29T11:37:01.483Z DEBUG 3531 --- [flux-http-nio-2] io.r2dbc.h2.client.SessionClient         : Response: org.h2.result.LocalResult@53cbc4fc columns: 1 rows: 1 pos: -1
✔️  Tx Type=1 Amount=1.00 Expected=NOK
]]></system-out>
  </testcase>
  <testcase name="endToEndFlow(TestCase)[4]" classname="com.example.finflow.web.TransactionControllerParameterizedTest" time="0.025">
    <system-out><![CDATA[2025-10-29T11:37:01.498Z DEBUG 3531 --- [flux-http-nio-2] io.r2dbc.h2.client.SessionClient         : Request:  SELECT CURRENT_TIMESTAMP
2025-10-29T11:37:01.499Z DEBUG 3531 --- [flux-http-nio-2] io.r2dbc.h2.client.SessionClient         : Response: org.h2.result.LocalResult@7e990e01 columns: 1 rows: 1 pos: -1
2025-10-29T11:37:01.499Z DEBUG 3531 --- [flux-http-nio-2] o.s.r2dbc.core.DefaultDatabaseClient     : Executing SQL statement [SELECT account.* FROM account WHERE account.account_id = $1 LIMIT 2]
2025-10-29T11:37:01.499Z DEBUG 3531 --- [flux-http-nio-2] io.r2dbc.h2.client.SessionClient         : Request:  SELECT account.* FROM account WHERE account.account_id = $1 LIMIT 2 {1: CAST(2 AS BIGINT)}
2025-10-29T11:37:01.499Z DEBUG 3531 --- [flux-http-nio-2] io.r2dbc.h2.client.SessionClient         : Response: org.h2.result.LocalResult@7378c90a columns: 4 rows: 1 pos: -1
2025-10-29T11:37:01.500Z DEBUG 3531 --- [flux-http-nio-2] io.r2dbc.h2.client.SessionClient         : Request:  SELECT CURRENT_TIMESTAMP
2025-10-29T11:37:01.500Z DEBUG 3531 --- [flux-http-nio-2] io.r2dbc.h2.client.SessionClient         : Response: org.h2.result.LocalResult@7d3c325a columns: 1 rows: 1 pos: -1
2025-10-29T11:37:01.501Z  INFO 3531 --- [flux-http-nio-2] c.e.finflow.service.TransactionService   : Transaction -> Type=4 Amount=1000.00 Status=OK NewAvailable=1000.00
2025-10-29T11:37:01.503Z DEBUG 3531 --- [flux-http-nio-2] io.r2dbc.h2.client.SessionClient         : Request:  SELECT CURRENT_TIMESTAMP
2025-10-29T11:37:01.503Z DEBUG 3531 --- [flux-http-nio-2] io.r2dbc.h2.client.SessionClient         : Response: org.h2.result.LocalResult@3669aa62 columns: 1 rows: 1 pos: -1
2025-10-29T11:37:01.504Z DEBUG 3531 --- [flux-http-nio-2] o.s.r2dbc.core.DefaultDatabaseClient     : Executing SQL statement [UPDATE account SET document_number = $1, credit_limit = $2, available_limit = $3 WHERE account.account_id = $4]
2025-10-29T11:37:01.504Z DEBUG 3531 --- [flux-http-nio-2] io.r2dbc.h2.client.SessionClient         : Request:  UPDATE account SET document_number = $1, credit_limit = $2, available_limit = $3 WHERE account.account_id = $4 {1: 'DOC_12440996742499B', 2: 1000.00, 3: 1000.00, 4: CAST(2 AS BIGINT)}
2025-10-29T11:37:01.505Z DEBUG 3531 --- [flux-http-nio-2] io.r2dbc.h2.client.SessionClient         : Request:  SELECT CURRENT_TIMESTAMP
2025-10-29T11:37:01.505Z DEBUG 3531 --- [flux-http-nio-2] io.r2dbc.h2.client.SessionClient         : Response: org.h2.result.LocalResult@38820237 columns: 1 rows: 1 pos: -1
2025-10-29T11:37:01.507Z DEBUG 3531 --- [flux-http-nio-2] io.r2dbc.h2.client.SessionClient         : Request:  SELECT CURRENT_TIMESTAMP
2025-10-29T11:37:01.507Z DEBUG 3531 --- [flux-http-nio-2] io.r2dbc.h2.client.SessionClient         : Response: org.h2.result.LocalResult@6460d2a9 columns: 1 rows: 1 pos: -1
2025-10-29T11:37:01.507Z DEBUG 3531 --- [flux-http-nio-2] o.s.r2dbc.core.DefaultDatabaseClient     : Executing SQL statement [INSERT INTO transaction (ACCOUNT_ID, OPERATION_TYPE_ID, AMOUNT, EVENT_DATE) VALUES ($1, $2, $3, $4)]
2025-10-29T11:37:01.508Z DEBUG 3531 --- [flux-http-nio-2] io.r2dbc.h2.client.SessionClient         : Request:  INSERT INTO transaction (ACCOUNT_ID, OPERATION_TYPE_ID, AMOUNT, EVENT_DATE) VALUES ($1, $2, $3, $4) {1: CAST(2 AS BIGINT), 2: 4, 3: 1000.00, 4: TIMESTAMP '2025-10-29 11:37:01.500955'}
2025-10-29T11:37:01.509Z DEBUG 3531 --- [flux-http-nio-2] io.r2dbc.h2.client.SessionClient         : Request:  SELECT CURRENT_TIMESTAMP
2025-10-29T11:37:01.509Z DEBUG 3531 --- [flux-http-nio-2] io.r2dbc.h2.client.SessionClient         : Response: org.h2.result.LocalResult@15ddff1c columns: 1 rows: 1 pos: -1
✔️  Tx Type=4 Amount=1000.00 Expected=OK
]]></system-out>
  </testcase>
  <testcase name="endToEndFlow(TestCase)[5]" classname="com.example.finflow.web.TransactionControllerParameterizedTest" time="0.024">
    <system-out><![CDATA[2025-10-29T11:37:01.526Z DEBUG 3531 --- [flux-http-nio-2] io.r2dbc.h2.client.SessionClient         : Request:  SELECT CURRENT_TIMESTAMP
2025-10-29T11:37:01.526Z DEBUG 3531 --- [flux-http-nio-2] io.r2dbc.h2.client.SessionClient         : Response: org.h2.result.LocalResult@1ba81de8 columns: 1 rows: 1 pos: -1
2025-10-29T11:37:01.526Z DEBUG 3531 --- [flux-http-nio-2] o.s.r2dbc.core.DefaultDatabaseClient     : Executing SQL statement [SELECT account.* FROM account WHERE account.account_id = $1 LIMIT 2]
2025-10-29T11:37:01.526Z DEBUG 3531 --- [flux-http-nio-2] io.r2dbc.h2.client.SessionClient         : Request:  SELECT account.* FROM account WHERE account.account_id = $1 LIMIT 2 {1: CAST(2 AS BIGINT)}
2025-10-29T11:37:01.527Z DEBUG 3531 --- [flux-http-nio-2] io.r2dbc.h2.client.SessionClient         : Response: org.h2.result.LocalResult@61f7349e columns: 4 rows: 1 pos: -1
2025-10-29T11:37:01.527Z DEBUG 3531 --- [flux-http-nio-2] io.r2dbc.h2.client.SessionClient         : Request:  SELECT CURRENT_TIMESTAMP
2025-10-29T11:37:01.527Z DEBUG 3531 --- [flux-http-nio-2] io.r2dbc.h2.client.SessionClient         : Response: org.h2.result.LocalResult@386e8447 columns: 1 rows: 1 pos: -1
2025-10-29T11:37:01.528Z  INFO 3531 --- [flux-http-nio-2] c.e.finflow.service.TransactionService   : Transaction -> Type=2 Amount=500.00 Status=OK NewAvailable=500.00
2025-10-29T11:37:01.529Z DEBUG 3531 --- [flux-http-nio-2] io.r2dbc.h2.client.SessionClient         : Request:  SELECT CURRENT_TIMESTAMP
2025-10-29T11:37:01.529Z DEBUG 3531 --- [flux-http-nio-2] io.r2dbc.h2.client.SessionClient         : Response: org.h2.result.LocalResult@748b79f columns: 1 rows: 1 pos: -1
2025-10-29T11:37:01.529Z DEBUG 3531 --- [flux-http-nio-2] o.s.r2dbc.core.DefaultDatabaseClient     : Executing SQL statement [UPDATE account SET document_number = $1, credit_limit = $2, available_limit = $3 WHERE account.account_id = $4]
2025-10-29T11:37:01.529Z DEBUG 3531 --- [flux-http-nio-2] io.r2dbc.h2.client.SessionClient         : Request:  UPDATE account SET document_number = $1, credit_limit = $2, available_limit = $3 WHERE account.account_id = $4 {1: 'DOC_12440996742499B', 2: 1000.00, 3: 500.00, 4: CAST(2 AS BIGINT)}
2025-10-29T11:37:01.530Z DEBUG 3531 --- [flux-http-nio-2] io.r2dbc.h2.client.SessionClient         : Request:  SELECT CURRENT_TIMESTAMP
2025-10-29T11:37:01.530Z DEBUG 3531 --- [flux-http-nio-2] io.r2dbc.h2.client.SessionClient         : Response: org.h2.result.LocalResult@4c4b5163 columns: 1 rows: 1 pos: -1
2025-10-29T11:37:01.531Z DEBUG 3531 --- [flux-http-nio-2] io.r2dbc.h2.client.SessionClient         : Request:  SELECT CURRENT_TIMESTAMP
2025-10-29T11:37:01.532Z DEBUG 3531 --- [flux-http-nio-2] io.r2dbc.h2.client.SessionClient         : Response: org.h2.result.LocalResult@38517097 columns: 1 rows: 1 pos: -1
2025-10-29T11:37:01.533Z DEBUG 3531 --- [flux-http-nio-2] o.s.r2dbc.core.DefaultDatabaseClient     : Executing SQL statement [INSERT INTO transaction (ACCOUNT_ID, OPERATION_TYPE_ID, AMOUNT, EVENT_DATE) VALUES ($1, $2, $3, $4)]
2025-10-29T11:37:01.533Z DEBUG 3531 --- [flux-http-nio-2] io.r2dbc.h2.client.SessionClient         : Request:  INSERT INTO transaction (ACCOUNT_ID, OPERATION_TYPE_ID, AMOUNT, EVENT_DATE) VALUES ($1, $2, $3, $4) {1: CAST(2 AS BIGINT), 2: 2, 3: 500.00, 4: TIMESTAMP '2025-10-29 11:37:01.528243'}
2025-10-29T11:37:01.534Z DEBUG 3531 --- [flux-http-nio-2] io.r2dbc.h2.client.SessionClient         : Request:  SELECT CURRENT_TIMESTAMP
2025-10-29T11:37:01.534Z DEBUG 3531 --- [flux-http-nio-2] io.r2dbc.h2.client.SessionClient         : Response: org.h2.result.LocalResult@1ab56fee columns: 1 rows: 1 pos: -1
✔️  Tx Type=2 Amount=500.00 Expected=OK
]]></system-out>
  </testcase>
  <testcase name="endToEndFlow(TestCase)[6]" classname="com.example.finflow.web.TransactionControllerParameterizedTest" time="0.021">
    <system-out><![CDATA[2025-10-29T11:37:01.549Z DEBUG 3531 --- [flux-http-nio-2] io.r2dbc.h2.client.SessionClient         : Request:  SELECT CURRENT_TIMESTAMP
2025-10-29T11:37:01.550Z DEBUG 3531 --- [flux-http-nio-2] io.r2dbc.h2.client.SessionClient         : Response: org.h2.result.LocalResult@6abf49d7 columns: 1 rows: 1 pos: -1
2025-10-29T11:37:01.550Z DEBUG 3531 --- [flux-http-nio-2] o.s.r2dbc.core.DefaultDatabaseClient     : Executing SQL statement [SELECT account.* FROM account WHERE account.account_id = $1 LIMIT 2]
2025-10-29T11:37:01.550Z DEBUG 3531 --- [flux-http-nio-2] io.r2dbc.h2.client.SessionClient         : Request:  SELECT account.* FROM account WHERE account.account_id = $1 LIMIT 2 {1: CAST(2 AS BIGINT)}
2025-10-29T11:37:01.551Z DEBUG 3531 --- [flux-http-nio-2] io.r2dbc.h2.client.SessionClient         : Response: org.h2.result.LocalResult@5b449171 columns: 4 rows: 1 pos: -1
2025-10-29T11:37:01.553Z DEBUG 3531 --- [flux-http-nio-2] io.r2dbc.h2.client.SessionClient         : Request:  SELECT CURRENT_TIMESTAMP
2025-10-29T11:37:01.553Z DEBUG 3531 --- [flux-http-nio-2] io.r2dbc.h2.client.SessionClient         : Response: org.h2.result.LocalResult@58b32528 columns: 1 rows: 1 pos: -1
2025-10-29T11:37:01.554Z  INFO 3531 --- [flux-http-nio-2] c.e.finflow.service.TransactionService   : Transaction -> Type=3 Amount=600.00 Status=NOK NewAvailable=500.00
2025-10-29T11:37:01.555Z DEBUG 3531 --- [flux-http-nio-2] io.r2dbc.h2.client.SessionClient         : Request:  SELECT CURRENT_TIMESTAMP
2025-10-29T11:37:01.555Z DEBUG 3531 --- [flux-http-nio-2] io.r2dbc.h2.client.SessionClient         : Response: org.h2.result.LocalResult@1f196866 columns: 1 rows: 1 pos: -1
2025-10-29T11:37:01.556Z DEBUG 3531 --- [flux-http-nio-2] o.s.r2dbc.core.DefaultDatabaseClient     : Executing SQL statement [INSERT INTO transaction (ACCOUNT_ID, OPERATION_TYPE_ID, AMOUNT, EVENT_DATE) VALUES ($1, $2, $3, $4)]
2025-10-29T11:37:01.556Z DEBUG 3531 --- [flux-http-nio-2] io.r2dbc.h2.client.SessionClient         : Request:  INSERT INTO transaction (ACCOUNT_ID, OPERATION_TYPE_ID, AMOUNT, EVENT_DATE) VALUES ($1, $2, $3, $4) {1: CAST(2 AS BIGINT), 2: 3, 3: 600.00, 4: TIMESTAMP '2025-10-29 11:37:01.554065'}
2025-10-29T11:37:01.557Z DEBUG 3531 --- [flux-http-nio-2] io.r2dbc.h2.client.SessionClient         : Request:  SELECT CURRENT_TIMESTAMP
2025-10-29T11:37:01.557Z DEBUG 3531 --- [flux-http-nio-2] io.r2dbc.h2.client.SessionClient         : Response: org.h2.result.LocalResult@18119d0 columns: 1 rows: 1 pos: -1
✔️  Tx Type=3 Amount=600.00 Expected=NOK
]]></system-out>
  </testcase>
  <testcase name="endToEndFlow(TestCase)[7]" classname="com.example.finflow.web.TransactionControllerParameterizedTest" time="0.029">
    <system-out><![CDATA[2025-10-29T11:37:01.574Z DEBUG 3531 --- [flux-http-nio-2] io.r2dbc.h2.client.SessionClient         : Request:  SELECT CURRENT_TIMESTAMP
2025-10-29T11:37:01.574Z DEBUG 3531 --- [flux-http-nio-2] io.r2dbc.h2.client.SessionClient         : Response: org.h2.result.LocalResult@11c66a88 columns: 1 rows: 1 pos: -1
2025-10-29T11:37:01.575Z DEBUG 3531 --- [flux-http-nio-2] o.s.r2dbc.core.DefaultDatabaseClient     : Executing SQL statement [SELECT account.* FROM account WHERE account.account_id = $1 LIMIT 2]
2025-10-29T11:37:01.575Z DEBUG 3531 --- [flux-http-nio-2] io.r2dbc.h2.client.SessionClient         : Request:  SELECT account.* FROM account WHERE account.account_id = $1 LIMIT 2 {1: CAST(2 AS BIGINT)}
2025-10-29T11:37:01.576Z DEBUG 3531 --- [flux-http-nio-2] io.r2dbc.h2.client.SessionClient         : Response: org.h2.result.LocalResult@1880bef9 columns: 4 rows: 1 pos: -1
2025-10-29T11:37:01.577Z DEBUG 3531 --- [flux-http-nio-2] io.r2dbc.h2.client.SessionClient         : Request:  SELECT CURRENT_TIMESTAMP
2025-10-29T11:37:01.577Z DEBUG 3531 --- [flux-http-nio-2] io.r2dbc.h2.client.SessionClient         : Response: org.h2.result.LocalResult@3c80a918 columns: 1 rows: 1 pos: -1
2025-10-29T11:37:01.578Z  INFO 3531 --- [flux-http-nio-2] c.e.finflow.service.TransactionService   : Transaction -> Type=3 Amount=400.00 Status=OK NewAvailable=96.0000
2025-10-29T11:37:01.580Z DEBUG 3531 --- [flux-http-nio-2] io.r2dbc.h2.client.SessionClient         : Request:  SELECT CURRENT_TIMESTAMP
2025-10-29T11:37:01.580Z DEBUG 3531 --- [flux-http-nio-2] io.r2dbc.h2.client.SessionClient         : Response: org.h2.result.LocalResult@5e3cc342 columns: 1 rows: 1 pos: -1
2025-10-29T11:37:01.581Z DEBUG 3531 --- [flux-http-nio-2] o.s.r2dbc.core.DefaultDatabaseClient     : Executing SQL statement [UPDATE account SET document_number = $1, credit_limit = $2, available_limit = $3 WHERE account.account_id = $4]
2025-10-29T11:37:01.581Z DEBUG 3531 --- [flux-http-nio-2] io.r2dbc.h2.client.SessionClient         : Request:  UPDATE account SET document_number = $1, credit_limit = $2, available_limit = $3 WHERE account.account_id = $4 {1: 'DOC_12440996742499B', 2: 1000.00, 3: 96.0000, 4: CAST(2 AS BIGINT)}
2025-10-29T11:37:01.583Z DEBUG 3531 --- [flux-http-nio-2] io.r2dbc.h2.client.SessionClient         : Request:  SELECT CURRENT_TIMESTAMP
2025-10-29T11:37:01.583Z DEBUG 3531 --- [flux-http-nio-2] io.r2dbc.h2.client.SessionClient         : Response: org.h2.result.LocalResult@6a585a3c columns: 1 rows: 1 pos: -1
2025-10-29T11:37:01.586Z DEBUG 3531 --- [flux-http-nio-2] io.r2dbc.h2.client.SessionClient         : Request:  SELECT CURRENT_TIMESTAMP
2025-10-29T11:37:01.586Z DEBUG 3531 --- [flux-http-nio-2] io.r2dbc.h2.client.SessionClient         : Response: org.h2.result.LocalResult@5284645e columns: 1 rows: 1 pos: -1
2025-10-29T11:37:01.587Z DEBUG 3531 --- [flux-http-nio-2] o.s.r2dbc.core.DefaultDatabaseClient     : Executing SQL statement [INSERT INTO transaction (ACCOUNT_ID, OPERATION_TYPE_ID, AMOUNT, EVENT_DATE) VALUES ($1, $2, $3, $4)]
2025-10-29T11:37:01.587Z DEBUG 3531 --- [flux-http-nio-2] io.r2dbc.h2.client.SessionClient         : Request:  INSERT INTO transaction (ACCOUNT_ID, OPERATION_TYPE_ID, AMOUNT, EVENT_DATE) VALUES ($1, $2, $3, $4) {1: CAST(2 AS BIGINT), 2: 3, 3: 400.00, 4: TIMESTAMP '2025-10-29 11:37:01.578139'}
2025-10-29T11:37:01.588Z DEBUG 3531 --- [flux-http-nio-2] io.r2dbc.h2.client.SessionClient         : Request:  SELECT CURRENT_TIMESTAMP
2025-10-29T11:37:01.588Z DEBUG 3531 --- [flux-http-nio-2] io.r2dbc.h2.client.SessionClient         : Response: org.h2.result.LocalResult@73ade9d3 columns: 1 rows: 1 pos: -1
✔️  Tx Type=3 Amount=400.00 Expected=OK
]]></system-out>
  </testcase>
</testsuite>